{"C:\\Users\\Gokul N\\Downloads\\job-portal\\JOBTOY\\backend\\config\\cloudinary.js": {"path":"C:\\Users\\Gokul N\\Downloads\\job-portal\\JOBTOY\\backend\\config\\cloudinary.js","statementMap":{"0":{"start":{"line":1,"column":19},"end":{"line":1,"column":43}},"1":{"start":{"line":2,"column":30},"end":{"line":2,"column":66}},"2":{"start":{"line":3,"column":15},"end":{"line":3,"column":32}},"3":{"start":{"line":5,"column":0},"end":{"line":9,"column":3}},"4":{"start":{"line":11,"column":16},"end":{"line":18,"column":2}},"5":{"start":{"line":20,"column":15},"end":{"line":27,"column":2}},"6":{"start":{"line":24,"column":4},"end":{"line":25,"column":60}},"7":{"start":{"line":24,"column":45},"end":{"line":24,"column":60}},"8":{"start":{"line":25,"column":9},"end":{"line":25,"column":60}},"9":{"start":{"line":29,"column":0},"end":{"line":29,"column":40}}},"fnMap":{"0":{"name":"(anonymous_0)","decl":{"start":{"line":23,"column":14},"end":{"line":23,"column":15}},"loc":{"start":{"line":23,"column":33},"end":{"line":26,"column":3}},"line":23}},"branchMap":{"0":{"loc":{"start":{"line":24,"column":4},"end":{"line":25,"column":60}},"type":"if","locations":[{"start":{"line":24,"column":4},"end":{"line":25,"column":60}},{"start":{"line":25,"column":9},"end":{"line":25,"column":60}}],"line":24}},"s":{"0":2,"1":2,"2":2,"3":2,"4":2,"5":2,"6":0,"7":0,"8":0,"9":2},"f":{"0":0},"b":{"0":[0,0]},"_coverageSchema":"1a1c01bbd47fc00a2c39e90264f33305004495a9","hash":"e22395b0eb8a1899dc4267838fdf3b561344160c"}
,"C:\\Users\\Gokul N\\Downloads\\job-portal\\JOBTOY\\backend\\config\\db.js": {"path":"C:\\Users\\Gokul N\\Downloads\\job-portal\\JOBTOY\\backend\\config\\db.js","statementMap":{"0":{"start":{"line":1,"column":17},"end":{"line":1,"column":36}},"1":{"start":{"line":3,"column":18},"end":{"line":11,"column":1}},"2":{"start":{"line":4,"column":2},"end":{"line":10,"column":3}},"3":{"start":{"line":5,"column":4},"end":{"line":5,"column":52}},"4":{"start":{"line":6,"column":4},"end":{"line":6,"column":52}},"5":{"start":{"line":8,"column":4},"end":{"line":8,"column":64}},"6":{"start":{"line":9,"column":4},"end":{"line":9,"column":20}},"7":{"start":{"line":13,"column":0},"end":{"line":13,"column":27}}},"fnMap":{"0":{"name":"(anonymous_0)","decl":{"start":{"line":3,"column":18},"end":{"line":3,"column":19}},"loc":{"start":{"line":3,"column":30},"end":{"line":11,"column":1}},"line":3}},"branchMap":{},"s":{"0":2,"1":2,"2":0,"3":0,"4":0,"5":0,"6":0,"7":2},"f":{"0":0},"b":{},"_coverageSchema":"1a1c01bbd47fc00a2c39e90264f33305004495a9","hash":"b1b7d76316deabb734f25cc6a0ea567d86f6349d"}
,"C:\\Users\\Gokul N\\Downloads\\job-portal\\JOBTOY\\backend\\config\\logger.js": {"path":"C:\\Users\\Gokul N\\Downloads\\job-portal\\JOBTOY\\backend\\config\\logger.js","statementMap":{"0":{"start":{"line":1,"column":13},"end":{"line":1,"column":28}},"1":{"start":{"line":3,"column":15},"end":{"line":13,"column":2}},"2":{"start":{"line":15,"column":0},"end":{"line":15,"column":24}}},"fnMap":{},"branchMap":{"0":{"loc":{"start":{"line":4,"column":9},"end":{"line":4,"column":40}},"type":"binary-expr","locations":[{"start":{"line":4,"column":9},"end":{"line":4,"column":30}},{"start":{"line":4,"column":34},"end":{"line":4,"column":40}}],"line":4}},"s":{"0":2,"1":2,"2":2},"f":{},"b":{"0":[2,2]},"_coverageSchema":"1a1c01bbd47fc00a2c39e90264f33305004495a9","hash":"0ba22d3bbd907343142003b5d422f2afa4fb2428"}
,"C:\\Users\\Gokul N\\Downloads\\job-portal\\JOBTOY\\backend\\config\\redis.js": {"path":"C:\\Users\\Gokul N\\Downloads\\job-portal\\JOBTOY\\backend\\config\\redis.js","statementMap":{"0":{"start":{"line":1,"column":14},"end":{"line":1,"column":30}},"1":{"start":{"line":2,"column":15},"end":{"line":2,"column":34}},"2":{"start":{"line":4,"column":18},"end":{"line":4,"column":22}},"3":{"start":{"line":6,"column":21},"end":{"line":21,"column":1}},"4":{"start":{"line":7,"column":2},"end":{"line":20,"column":3}},"5":{"start":{"line":8,"column":4},"end":{"line":10,"column":7}},"6":{"start":{"line":12,"column":4},"end":{"line":12,"column":72}},"7":{"start":{"line":12,"column":37},"end":{"line":12,"column":70}},"8":{"start":{"line":13,"column":4},"end":{"line":13,"column":70}},"9":{"start":{"line":13,"column":36},"end":{"line":13,"column":68}},"10":{"start":{"line":15,"column":4},"end":{"line":15,"column":32}},"11":{"start":{"line":16,"column":4},"end":{"line":16,"column":23}},"12":{"start":{"line":18,"column":4},"end":{"line":18,"column":53}},"13":{"start":{"line":19,"column":4},"end":{"line":19,"column":20}},"14":{"start":{"line":23,"column":23},"end":{"line":23,"column":40}},"15":{"start":{"line":23,"column":29},"end":{"line":23,"column":40}},"16":{"start":{"line":25,"column":0},"end":{"line":28,"column":2}}},"fnMap":{"0":{"name":"(anonymous_0)","decl":{"start":{"line":6,"column":21},"end":{"line":6,"column":22}},"loc":{"start":{"line":6,"column":33},"end":{"line":21,"column":1}},"line":6},"1":{"name":"(anonymous_1)","decl":{"start":{"line":12,"column":28},"end":{"line":12,"column":29}},"loc":{"start":{"line":12,"column":37},"end":{"line":12,"column":70}},"line":12},"2":{"name":"(anonymous_2)","decl":{"start":{"line":13,"column":30},"end":{"line":13,"column":31}},"loc":{"start":{"line":13,"column":36},"end":{"line":13,"column":68}},"line":13},"3":{"name":"(anonymous_3)","decl":{"start":{"line":23,"column":23},"end":{"line":23,"column":24}},"loc":{"start":{"line":23,"column":29},"end":{"line":23,"column":40}},"line":23}},"branchMap":{"0":{"loc":{"start":{"line":9,"column":11},"end":{"line":9,"column":60}},"type":"binary-expr","locations":[{"start":{"line":9,"column":11},"end":{"line":9,"column":32}},{"start":{"line":9,"column":36},"end":{"line":9,"column":60}}],"line":9}},"s":{"0":2,"1":2,"2":2,"3":2,"4":0,"5":0,"6":0,"7":0,"8":0,"9":0,"10":0,"11":0,"12":0,"13":0,"14":2,"15":0,"16":2},"f":{"0":0,"1":0,"2":0,"3":0},"b":{"0":[0,0]},"_coverageSchema":"1a1c01bbd47fc00a2c39e90264f33305004495a9","hash":"4eaa562a0645edb37663c6efc668f8012dfe1860"}
,"C:\\Users\\Gokul N\\Downloads\\job-portal\\JOBTOY\\backend\\controllers\\admin.controller.js": {"path":"C:\\Users\\Gokul N\\Downloads\\job-portal\\JOBTOY\\backend\\controllers\\admin.controller.js","statementMap":{"0":{"start":{"line":1,"column":13},"end":{"line":1,"column":44}},"1":{"start":{"line":2,"column":12},"end":{"line":2,"column":42}},"2":{"start":{"line":3,"column":20},"end":{"line":3,"column":58}},"3":{"start":{"line":5,"column":0},"end":{"line":14,"column":2}},"4":{"start":{"line":6,"column":2},"end":{"line":13,"column":30}},"5":{"start":{"line":7,"column":40},"end":{"line":11,"column":6}},"6":{"start":{"line":12,"column":4},"end":{"line":12,"column":69}},"7":{"start":{"line":13,"column":18},"end":{"line":13,"column":28}},"8":{"start":{"line":16,"column":0},"end":{"line":21,"column":2}},"9":{"start":{"line":17,"column":2},"end":{"line":20,"column":30}},"10":{"start":{"line":18,"column":18},"end":{"line":18,"column":74}},"11":{"start":{"line":19,"column":4},"end":{"line":19,"column":45}},"12":{"start":{"line":20,"column":18},"end":{"line":20,"column":28}},"13":{"start":{"line":23,"column":0},"end":{"line":31,"column":2}},"14":{"start":{"line":24,"column":2},"end":{"line":30,"column":30}},"15":{"start":{"line":25,"column":17},"end":{"line":25,"column":51}},"16":{"start":{"line":26,"column":4},"end":{"line":26,"column":90}},"17":{"start":{"line":26,"column":15},"end":{"line":26,"column":90}},"18":{"start":{"line":27,"column":4},"end":{"line":27,"column":35}},"19":{"start":{"line":28,"column":4},"end":{"line":28,"column":22}},"20":{"start":{"line":29,"column":4},"end":{"line":29,"column":44}},"21":{"start":{"line":30,"column":18},"end":{"line":30,"column":28}},"22":{"start":{"line":33,"column":0},"end":{"line":38,"column":2}},"23":{"start":{"line":34,"column":2},"end":{"line":37,"column":30}},"24":{"start":{"line":35,"column":4},"end":{"line":35,"column":47}},"25":{"start":{"line":36,"column":4},"end":{"line":36,"column":56}},"26":{"start":{"line":37,"column":18},"end":{"line":37,"column":28}}},"fnMap":{"0":{"name":"(anonymous_0)","decl":{"start":{"line":5,"column":19},"end":{"line":5,"column":20}},"loc":{"start":{"line":5,"column":45},"end":{"line":14,"column":1}},"line":5},"1":{"name":"(anonymous_1)","decl":{"start":{"line":16,"column":19},"end":{"line":16,"column":20}},"loc":{"start":{"line":16,"column":45},"end":{"line":21,"column":1}},"line":16},"2":{"name":"(anonymous_2)","decl":{"start":{"line":23,"column":18},"end":{"line":23,"column":19}},"loc":{"start":{"line":23,"column":44},"end":{"line":31,"column":1}},"line":23},"3":{"name":"(anonymous_3)","decl":{"start":{"line":33,"column":20},"end":{"line":33,"column":21}},"loc":{"start":{"line":33,"column":46},"end":{"line":38,"column":1}},"line":33}},"branchMap":{"0":{"loc":{"start":{"line":26,"column":4},"end":{"line":26,"column":90}},"type":"if","locations":[{"start":{"line":26,"column":4},"end":{"line":26,"column":90}},{"start":{},"end":{}}],"line":26}},"s":{"0":2,"1":2,"2":2,"3":2,"4":0,"5":0,"6":0,"7":0,"8":2,"9":0,"10":0,"11":0,"12":0,"13":2,"14":0,"15":0,"16":0,"17":0,"18":0,"19":0,"20":0,"21":0,"22":2,"23":0,"24":0,"25":0,"26":0},"f":{"0":0,"1":0,"2":0,"3":0},"b":{"0":[0,0]},"_coverageSchema":"1a1c01bbd47fc00a2c39e90264f33305004495a9","hash":"cd19a36f1c616e2e8e6fdfee01c51488b6def42c"}
,"C:\\Users\\Gokul N\\Downloads\\job-portal\\JOBTOY\\backend\\controllers\\application.controller.js": {"path":"C:\\Users\\Gokul N\\Downloads\\job-portal\\JOBTOY\\backend\\controllers\\application.controller.js","statementMap":{"0":{"start":{"line":1,"column":20},"end":{"line":1,"column":58}},"1":{"start":{"line":2,"column":12},"end":{"line":2,"column":42}},"2":{"start":{"line":3,"column":13},"end":{"line":3,"column":44}},"3":{"start":{"line":4,"column":56},"end":{"line":4,"column":86}},"4":{"start":{"line":6,"column":0},"end":{"line":55,"column":2}},"5":{"start":{"line":7,"column":2},"end":{"line":54,"column":3}},"6":{"start":{"line":8,"column":35},"end":{"line":8,"column":43}},"7":{"start":{"line":11,"column":20},"end":{"line":11,"column":34}},"8":{"start":{"line":12,"column":4},"end":{"line":16,"column":5}},"9":{"start":{"line":13,"column":19},"end":{"line":13,"column":52}},"10":{"start":{"line":14,"column":28},"end":{"line":14,"column":65}},"11":{"start":{"line":14,"column":53},"end":{"line":14,"column":64}},"12":{"start":{"line":15,"column":6},"end":{"line":15,"column":37}},"13":{"start":{"line":18,"column":4},"end":{"line":20,"column":5}},"14":{"start":{"line":19,"column":6},"end":{"line":19,"column":133}},"15":{"start":{"line":22,"column":16},"end":{"line":22,"column":41}},"16":{"start":{"line":23,"column":4},"end":{"line":25,"column":5}},"17":{"start":{"line":24,"column":6},"end":{"line":24,"column":80}},"18":{"start":{"line":27,"column":24},"end":{"line":33,"column":6}},"19":{"start":{"line":36,"column":4},"end":{"line":36,"column":68}},"20":{"start":{"line":39,"column":21},"end":{"line":39,"column":54}},"21":{"start":{"line":40,"column":4},"end":{"line":47,"column":5}},"22":{"start":{"line":41,"column":6},"end":{"line":46,"column":64}},"23":{"start":{"line":46,"column":22},"end":{"line":46,"column":62}},"24":{"start":{"line":49,"column":4},"end":{"line":49,"column":63}},"25":{"start":{"line":51,"column":4},"end":{"line":52,"column":104}},"26":{"start":{"line":52,"column":6},"end":{"line":52,"column":104}},"27":{"start":{"line":53,"column":4},"end":{"line":53,"column":14}},"28":{"start":{"line":57,"column":0},"end":{"line":64,"column":2}},"29":{"start":{"line":58,"column":2},"end":{"line":63,"column":30}},"30":{"start":{"line":59,"column":25},"end":{"line":61,"column":25}},"31":{"start":{"line":62,"column":4},"end":{"line":62,"column":52}},"32":{"start":{"line":63,"column":18},"end":{"line":63,"column":28}},"33":{"start":{"line":66,"column":0},"end":{"line":73,"column":2}},"34":{"start":{"line":67,"column":2},"end":{"line":72,"column":30}},"35":{"start":{"line":68,"column":25},"end":{"line":70,"column":25}},"36":{"start":{"line":71,"column":4},"end":{"line":71,"column":52}},"37":{"start":{"line":72,"column":18},"end":{"line":72,"column":28}},"38":{"start":{"line":75,"column":0},"end":{"line":91,"column":2}},"39":{"start":{"line":76,"column":2},"end":{"line":90,"column":30}},"40":{"start":{"line":77,"column":24},"end":{"line":81,"column":70}},"41":{"start":{"line":83,"column":4},"end":{"line":87,"column":62}},"42":{"start":{"line":87,"column":20},"end":{"line":87,"column":60}},"43":{"start":{"line":89,"column":4},"end":{"line":89,"column":51}},"44":{"start":{"line":90,"column":18},"end":{"line":90,"column":28}}},"fnMap":{"0":{"name":"(anonymous_0)","decl":{"start":{"line":6,"column":16},"end":{"line":6,"column":17}},"loc":{"start":{"line":6,"column":42},"end":{"line":55,"column":1}},"line":6},"1":{"name":"(anonymous_1)","decl":{"start":{"line":14,"column":48},"end":{"line":14,"column":49}},"loc":{"start":{"line":14,"column":53},"end":{"line":14,"column":64}},"line":14},"2":{"name":"(anonymous_2)","decl":{"start":{"line":46,"column":15},"end":{"line":46,"column":16}},"loc":{"start":{"line":46,"column":22},"end":{"line":46,"column":62}},"line":46},"3":{"name":"(anonymous_3)","decl":{"start":{"line":57,"column":28},"end":{"line":57,"column":29}},"loc":{"start":{"line":57,"column":54},"end":{"line":64,"column":1}},"line":57},"4":{"name":"(anonymous_4)","decl":{"start":{"line":66,"column":27},"end":{"line":66,"column":28}},"loc":{"start":{"line":66,"column":53},"end":{"line":73,"column":1}},"line":66},"5":{"name":"(anonymous_5)","decl":{"start":{"line":75,"column":23},"end":{"line":75,"column":24}},"loc":{"start":{"line":75,"column":49},"end":{"line":91,"column":1}},"line":75},"6":{"name":"(anonymous_6)","decl":{"start":{"line":87,"column":13},"end":{"line":87,"column":14}},"loc":{"start":{"line":87,"column":20},"end":{"line":87,"column":60}},"line":87}},"branchMap":{"0":{"loc":{"start":{"line":12,"column":4},"end":{"line":16,"column":5}},"type":"if","locations":[{"start":{"line":12,"column":4},"end":{"line":16,"column":5}},{"start":{},"end":{}}],"line":12},"1":{"loc":{"start":{"line":18,"column":4},"end":{"line":20,"column":5}},"type":"if","locations":[{"start":{"line":18,"column":4},"end":{"line":20,"column":5}},{"start":{},"end":{}}],"line":18},"2":{"loc":{"start":{"line":23,"column":4},"end":{"line":25,"column":5}},"type":"if","locations":[{"start":{"line":23,"column":4},"end":{"line":25,"column":5}},{"start":{},"end":{}}],"line":23},"3":{"loc":{"start":{"line":40,"column":4},"end":{"line":47,"column":5}},"type":"if","locations":[{"start":{"line":40,"column":4},"end":{"line":47,"column":5}},{"start":{},"end":{}}],"line":40},"4":{"loc":{"start":{"line":51,"column":4},"end":{"line":52,"column":104}},"type":"if","locations":[{"start":{"line":51,"column":4},"end":{"line":52,"column":104}},{"start":{},"end":{}}],"line":51}},"s":{"0":2,"1":2,"2":2,"3":2,"4":2,"5":0,"6":0,"7":0,"8":0,"9":0,"10":0,"11":0,"12":0,"13":0,"14":0,"15":0,"16":0,"17":0,"18":0,"19":0,"20":0,"21":0,"22":0,"23":0,"24":0,"25":0,"26":0,"27":0,"28":2,"29":0,"30":0,"31":0,"32":0,"33":2,"34":0,"35":0,"36":0,"37":0,"38":2,"39":0,"40":0,"41":0,"42":0,"43":0,"44":0},"f":{"0":0,"1":0,"2":0,"3":0,"4":0,"5":0,"6":0},"b":{"0":[0,0],"1":[0,0],"2":[0,0],"3":[0,0],"4":[0,0]},"_coverageSchema":"1a1c01bbd47fc00a2c39e90264f33305004495a9","hash":"9ef2915858f517ba46da5ca6ee4f546b43894b51"}
,"C:\\Users\\Gokul N\\Downloads\\job-portal\\JOBTOY\\backend\\controllers\\job.controller.js": {"path":"C:\\Users\\Gokul N\\Downloads\\job-portal\\JOBTOY\\backend\\controllers\\job.controller.js","statementMap":{"0":{"start":{"line":1,"column":17},"end":{"line":1,"column":36}},"1":{"start":{"line":2,"column":12},"end":{"line":2,"column":42}},"2":{"start":{"line":3,"column":16},"end":{"line":3,"column":50}},"3":{"start":{"line":4,"column":17},"end":{"line":4,"column":52}},"4":{"start":{"line":5,"column":13},"end":{"line":5,"column":44}},"5":{"start":{"line":6,"column":18},"end":{"line":6,"column":51}},"6":{"start":{"line":8,"column":21},"end":{"line":16,"column":1}},"7":{"start":{"line":18,"column":20},"end":{"line":18,"column":80}},"8":{"start":{"line":18,"column":36},"end":{"line":18,"column":80}},"9":{"start":{"line":20,"column":18},"end":{"line":20,"column":56}},"10":{"start":{"line":20,"column":27},"end":{"line":20,"column":56}},"11":{"start":{"line":22,"column":25},"end":{"line":26,"column":1}},"12":{"start":{"line":23,"column":2},"end":{"line":23,"column":31}},"13":{"start":{"line":23,"column":14},"end":{"line":23,"column":31}},"14":{"start":{"line":24,"column":14},"end":{"line":24,"column":48}},"15":{"start":{"line":25,"column":2},"end":{"line":25,"column":36}},"16":{"start":{"line":28,"column":24},"end":{"line":33,"column":1}},"17":{"start":{"line":29,"column":18},"end":{"line":29,"column":64}},"18":{"start":{"line":30,"column":2},"end":{"line":30,"column":38}},"19":{"start":{"line":30,"column":28},"end":{"line":30,"column":38}},"20":{"start":{"line":31,"column":2},"end":{"line":31,"column":72}},"21":{"start":{"line":31,"column":28},"end":{"line":31,"column":72}},"22":{"start":{"line":32,"column":2},"end":{"line":32,"column":46}},"23":{"start":{"line":35,"column":22},"end":{"line":56,"column":1}},"24":{"start":{"line":36,"column":14},"end":{"line":36,"column":80}},"25":{"start":{"line":37,"column":18},"end":{"line":43,"column":17}},"26":{"start":{"line":44,"column":21},"end":{"line":44,"column":78}},"27":{"start":{"line":46,"column":2},"end":{"line":55,"column":4}},"28":{"start":{"line":58,"column":23},"end":{"line":144,"column":1}},"29":{"start":{"line":74,"column":6},"end":{"line":74,"column":11}},"30":{"start":{"line":76,"column":17},"end":{"line":76,"column":19}},"31":{"start":{"line":77,"column":2},"end":{"line":81,"column":3}},"32":{"start":{"line":78,"column":4},"end":{"line":78,"column":31}},"33":{"start":{"line":80,"column":4},"end":{"line":80,"column":27}},"34":{"start":{"line":83,"column":21},"end":{"line":83,"column":33}},"35":{"start":{"line":84,"column":24},"end":{"line":84,"column":26}},"36":{"start":{"line":86,"column":2},"end":{"line":95,"column":3}},"37":{"start":{"line":87,"column":23},"end":{"line":87,"column":46}},"38":{"start":{"line":88,"column":4},"end":{"line":94,"column":7}},"39":{"start":{"line":97,"column":2},"end":{"line":105,"column":3}},"40":{"start":{"line":98,"column":25},"end":{"line":98,"column":46}},"41":{"start":{"line":99,"column":4},"end":{"line":104,"column":7}},"42":{"start":{"line":107,"column":2},"end":{"line":109,"column":3}},"43":{"start":{"line":108,"column":4},"end":{"line":108,"column":61}},"44":{"start":{"line":111,"column":25},"end":{"line":111,"column":59}},"45":{"start":{"line":112,"column":2},"end":{"line":112,"column":54}},"46":{"start":{"line":112,"column":22},"end":{"line":112,"column":54}},"47":{"start":{"line":113,"column":2},"end":{"line":113,"column":53}},"48":{"start":{"line":113,"column":25},"end":{"line":113,"column":53}},"49":{"start":{"line":114,"column":2},"end":{"line":126,"column":3}},"50":{"start":{"line":115,"column":25},"end":{"line":115,"column":46}},"51":{"start":{"line":116,"column":4},"end":{"line":125,"column":6}},"52":{"start":{"line":128,"column":25},"end":{"line":128,"column":48}},"53":{"start":{"line":129,"column":25},"end":{"line":129,"column":48}},"54":{"start":{"line":130,"column":2},"end":{"line":134,"column":3}},"55":{"start":{"line":131,"column":4},"end":{"line":131,"column":36}},"56":{"start":{"line":132,"column":4},"end":{"line":132,"column":93}},"57":{"start":{"line":132,"column":24},"end":{"line":132,"column":93}},"58":{"start":{"line":133,"column":4},"end":{"line":133,"column":93}},"59":{"start":{"line":133,"column":24},"end":{"line":133,"column":93}},"60":{"start":{"line":136,"column":2},"end":{"line":141,"column":3}},"61":{"start":{"line":137,"column":23},"end":{"line":137,"column":25}},"62":{"start":{"line":138,"column":4},"end":{"line":138,"column":115}},"63":{"start":{"line":138,"column":16},"end":{"line":138,"column":115}},"64":{"start":{"line":139,"column":4},"end":{"line":139,"column":115}},"65":{"start":{"line":139,"column":16},"end":{"line":139,"column":115}},"66":{"start":{"line":140,"column":4},"end":{"line":140,"column":87}},"67":{"start":{"line":140,"column":27},"end":{"line":140,"column":87}},"68":{"start":{"line":143,"column":2},"end":{"line":143,"column":16}},"69":{"start":{"line":146,"column":0},"end":{"line":185,"column":2}},"70":{"start":{"line":147,"column":2},"end":{"line":184,"column":3}},"71":{"start":{"line":148,"column":17},"end":{"line":148,"column":57}},"72":{"start":{"line":149,"column":18},"end":{"line":149,"column":74}},"73":{"start":{"line":150,"column":17},"end":{"line":150,"column":35}},"74":{"start":{"line":151,"column":17},"end":{"line":151,"column":47}},"75":{"start":{"line":152,"column":19},"end":{"line":152,"column":44}},"76":{"start":{"line":154,"column":26},"end":{"line":161,"column":6}},"77":{"start":{"line":163,"column":17},"end":{"line":163,"column":40}},"78":{"start":{"line":165,"column":4},"end":{"line":181,"column":7}},"79":{"start":{"line":183,"column":4},"end":{"line":183,"column":14}},"80":{"start":{"line":187,"column":0},"end":{"line":219,"column":2}},"81":{"start":{"line":188,"column":2},"end":{"line":218,"column":3}},"82":{"start":{"line":189,"column":16},"end":{"line":191,"column":41}},"83":{"start":{"line":193,"column":4},"end":{"line":193,"column":88}},"84":{"start":{"line":193,"column":14},"end":{"line":193,"column":88}},"85":{"start":{"line":195,"column":4},"end":{"line":195,"column":76}},"86":{"start":{"line":197,"column":24},"end":{"line":208,"column":15}},"87":{"start":{"line":210,"column":4},"end":{"line":215,"column":7}},"88":{"start":{"line":217,"column":4},"end":{"line":217,"column":14}},"89":{"start":{"line":221,"column":0},"end":{"line":247,"column":2}},"90":{"start":{"line":222,"column":2},"end":{"line":246,"column":3}},"91":{"start":{"line":223,"column":64},"end":{"line":229,"column":6}},"92":{"start":{"line":231,"column":4},"end":{"line":243,"column":7}},"93":{"start":{"line":238,"column":48},"end":{"line":241,"column":9}},"94":{"start":{"line":245,"column":4},"end":{"line":245,"column":14}},"95":{"start":{"line":249,"column":0},"end":{"line":265,"column":2}},"96":{"start":{"line":250,"column":2},"end":{"line":264,"column":3}},"97":{"start":{"line":251,"column":19},"end":{"line":251,"column":33}},"98":{"start":{"line":252,"column":16},"end":{"line":257,"column":6}},"99":{"start":{"line":259,"column":4},"end":{"line":259,"column":83}},"100":{"start":{"line":259,"column":42},"end":{"line":259,"column":81}},"101":{"start":{"line":261,"column":4},"end":{"line":261,"column":95}},"102":{"start":{"line":263,"column":4},"end":{"line":263,"column":14}},"103":{"start":{"line":267,"column":0},"end":{"line":288,"column":2}},"104":{"start":{"line":268,"column":2},"end":{"line":287,"column":3}},"105":{"start":{"line":269,"column":19},"end":{"line":269,"column":33}},"106":{"start":{"line":270,"column":20},"end":{"line":273,"column":5}},"107":{"start":{"line":274,"column":16},"end":{"line":278,"column":79}},"108":{"start":{"line":280,"column":4},"end":{"line":280,"column":88}},"109":{"start":{"line":280,"column":14},"end":{"line":280,"column":88}},"110":{"start":{"line":282,"column":4},"end":{"line":282,"column":83}},"111":{"start":{"line":282,"column":42},"end":{"line":282,"column":81}},"112":{"start":{"line":284,"column":4},"end":{"line":284,"column":83}},"113":{"start":{"line":286,"column":4},"end":{"line":286,"column":14}},"114":{"start":{"line":290,"column":0},"end":{"line":304,"column":2}},"115":{"start":{"line":291,"column":2},"end":{"line":303,"column":3}},"116":{"start":{"line":292,"column":19},"end":{"line":292,"column":33}},"117":{"start":{"line":293,"column":16},"end":{"line":297,"column":5}},"118":{"start":{"line":299,"column":4},"end":{"line":299,"column":88}},"119":{"start":{"line":299,"column":14},"end":{"line":299,"column":88}},"120":{"start":{"line":300,"column":4},"end":{"line":300,"column":68}},"121":{"start":{"line":302,"column":4},"end":{"line":302,"column":14}},"122":{"start":{"line":306,"column":0},"end":{"line":326,"column":2}},"123":{"start":{"line":307,"column":2},"end":{"line":325,"column":3}},"124":{"start":{"line":308,"column":19},"end":{"line":308,"column":33}},"125":{"start":{"line":309,"column":18},"end":{"line":309,"column":31}},"126":{"start":{"line":311,"column":4},"end":{"line":313,"column":5}},"127":{"start":{"line":312,"column":6},"end":{"line":312,"column":81}},"128":{"start":{"line":315,"column":21},"end":{"line":319,"column":5}},"129":{"start":{"line":321,"column":4},"end":{"line":321,"column":78}},"130":{"start":{"line":322,"column":4},"end":{"line":322,"column":82}},"131":{"start":{"line":324,"column":4},"end":{"line":324,"column":14}},"132":{"start":{"line":328,"column":0},"end":{"line":339,"column":2}},"133":{"start":{"line":329,"column":2},"end":{"line":338,"column":3}},"134":{"start":{"line":330,"column":19},"end":{"line":330,"column":33}},"135":{"start":{"line":331,"column":18},"end":{"line":331,"column":31}},"136":{"start":{"line":333,"column":4},"end":{"line":333,"column":55}},"137":{"start":{"line":334,"column":4},"end":{"line":334,"column":74}},"138":{"start":{"line":335,"column":4},"end":{"line":335,"column":72}},"139":{"start":{"line":337,"column":4},"end":{"line":337,"column":14}},"140":{"start":{"line":341,"column":0},"end":{"line":361,"column":2}},"141":{"start":{"line":342,"column":2},"end":{"line":360,"column":3}},"142":{"start":{"line":343,"column":19},"end":{"line":343,"column":33}},"143":{"start":{"line":344,"column":22},"end":{"line":349,"column":8}},"144":{"start":{"line":351,"column":4},"end":{"line":357,"column":7}},"145":{"start":{"line":353,"column":37},"end":{"line":353,"column":47}},"146":{"start":{"line":353,"column":62},"end":{"line":356,"column":7}},"147":{"start":{"line":359,"column":4},"end":{"line":359,"column":14}},"148":{"start":{"line":363,"column":0},"end":{"line":370,"column":2}},"149":{"start":{"line":364,"column":2},"end":{"line":369,"column":3}},"150":{"start":{"line":365,"column":17},"end":{"line":365,"column":70}},"151":{"start":{"line":366,"column":4},"end":{"line":366,"column":44}},"152":{"start":{"line":368,"column":4},"end":{"line":368,"column":14}},"153":{"start":{"line":372,"column":0},"end":{"line":379,"column":2}},"154":{"start":{"line":373,"column":2},"end":{"line":378,"column":3}},"155":{"start":{"line":374,"column":23},"end":{"line":374,"column":75}},"156":{"start":{"line":375,"column":4},"end":{"line":375,"column":50}},"157":{"start":{"line":377,"column":4},"end":{"line":377,"column":14}}},"fnMap":{"0":{"name":"(anonymous_0)","decl":{"start":{"line":18,"column":20},"end":{"line":18,"column":21}},"loc":{"start":{"line":18,"column":36},"end":{"line":18,"column":80}},"line":18},"1":{"name":"(anonymous_1)","decl":{"start":{"line":20,"column":18},"end":{"line":20,"column":19}},"loc":{"start":{"line":20,"column":27},"end":{"line":20,"column":56}},"line":20},"2":{"name":"(anonymous_2)","decl":{"start":{"line":22,"column":25},"end":{"line":22,"column":26}},"loc":{"start":{"line":22,"column":36},"end":{"line":26,"column":1}},"line":22},"3":{"name":"(anonymous_3)","decl":{"start":{"line":28,"column":24},"end":{"line":28,"column":25}},"loc":{"start":{"line":28,"column":40},"end":{"line":33,"column":1}},"line":28},"4":{"name":"(anonymous_4)","decl":{"start":{"line":35,"column":22},"end":{"line":35,"column":23}},"loc":{"start":{"line":35,"column":34},"end":{"line":56,"column":1}},"line":35},"5":{"name":"(anonymous_5)","decl":{"start":{"line":58,"column":23},"end":{"line":58,"column":24}},"loc":{"start":{"line":58,"column":34},"end":{"line":144,"column":1}},"line":58},"6":{"name":"(anonymous_6)","decl":{"start":{"line":146,"column":18},"end":{"line":146,"column":19}},"loc":{"start":{"line":146,"column":44},"end":{"line":185,"column":1}},"line":146},"7":{"name":"(anonymous_7)","decl":{"start":{"line":187,"column":17},"end":{"line":187,"column":18}},"loc":{"start":{"line":187,"column":43},"end":{"line":219,"column":1}},"line":187},"8":{"name":"(anonymous_8)","decl":{"start":{"line":221,"column":21},"end":{"line":221,"column":22}},"loc":{"start":{"line":221,"column":47},"end":{"line":247,"column":1}},"line":221},"9":{"name":"(anonymous_9)","decl":{"start":{"line":238,"column":36},"end":{"line":238,"column":37}},"loc":{"start":{"line":238,"column":48},"end":{"line":241,"column":9}},"line":238},"10":{"name":"(anonymous_10)","decl":{"start":{"line":249,"column":20},"end":{"line":249,"column":21}},"loc":{"start":{"line":249,"column":46},"end":{"line":265,"column":1}},"line":249},"11":{"name":"(anonymous_11)","decl":{"start":{"line":259,"column":35},"end":{"line":259,"column":36}},"loc":{"start":{"line":259,"column":42},"end":{"line":259,"column":81}},"line":259},"12":{"name":"(anonymous_12)","decl":{"start":{"line":267,"column":20},"end":{"line":267,"column":21}},"loc":{"start":{"line":267,"column":46},"end":{"line":288,"column":1}},"line":267},"13":{"name":"(anonymous_13)","decl":{"start":{"line":282,"column":35},"end":{"line":282,"column":36}},"loc":{"start":{"line":282,"column":42},"end":{"line":282,"column":81}},"line":282},"14":{"name":"(anonymous_14)","decl":{"start":{"line":290,"column":20},"end":{"line":290,"column":21}},"loc":{"start":{"line":290,"column":46},"end":{"line":304,"column":1}},"line":290},"15":{"name":"(anonymous_15)","decl":{"start":{"line":306,"column":18},"end":{"line":306,"column":19}},"loc":{"start":{"line":306,"column":44},"end":{"line":326,"column":1}},"line":306},"16":{"name":"(anonymous_16)","decl":{"start":{"line":328,"column":20},"end":{"line":328,"column":21}},"loc":{"start":{"line":328,"column":46},"end":{"line":339,"column":1}},"line":328},"17":{"name":"(anonymous_17)","decl":{"start":{"line":341,"column":23},"end":{"line":341,"column":24}},"loc":{"start":{"line":341,"column":49},"end":{"line":361,"column":1}},"line":341},"18":{"name":"(anonymous_18)","decl":{"start":{"line":353,"column":29},"end":{"line":353,"column":30}},"loc":{"start":{"line":353,"column":37},"end":{"line":353,"column":47}},"line":353},"19":{"name":"(anonymous_19)","decl":{"start":{"line":353,"column":53},"end":{"line":353,"column":54}},"loc":{"start":{"line":353,"column":62},"end":{"line":356,"column":7}},"line":353},"20":{"name":"(anonymous_20)","decl":{"start":{"line":363,"column":29},"end":{"line":363,"column":30}},"loc":{"start":{"line":363,"column":55},"end":{"line":370,"column":1}},"line":363},"21":{"name":"(anonymous_21)","decl":{"start":{"line":372,"column":35},"end":{"line":372,"column":36}},"loc":{"start":{"line":372,"column":61},"end":{"line":379,"column":1}},"line":372}},"branchMap":{"0":{"loc":{"start":{"line":18,"column":21},"end":{"line":18,"column":31}},"type":"default-arg","locations":[{"start":{"line":18,"column":29},"end":{"line":18,"column":31}}],"line":18},"1":{"loc":{"start":{"line":20,"column":27},"end":{"line":20,"column":56}},"type":"binary-expr","locations":[{"start":{"line":20,"column":27},"end":{"line":20,"column":40}},{"start":{"line":20,"column":44},"end":{"line":20,"column":56}}],"line":20},"2":{"loc":{"start":{"line":23,"column":2},"end":{"line":23,"column":31}},"type":"if","locations":[{"start":{"line":23,"column":2},"end":{"line":23,"column":31}},{"start":{},"end":{}}],"line":23},"3":{"loc":{"start":{"line":25,"column":9},"end":{"line":25,"column":35}},"type":"binary-expr","locations":[{"start":{"line":25,"column":9},"end":{"line":25,"column":26}},{"start":{"line":25,"column":30},"end":{"line":25,"column":35}}],"line":25},"4":{"loc":{"start":{"line":28,"column":25},"end":{"line":28,"column":35}},"type":"default-arg","locations":[{"start":{"line":28,"column":33},"end":{"line":28,"column":35}}],"line":28},"5":{"loc":{"start":{"line":29,"column":18},"end":{"line":29,"column":64}},"type":"binary-expr","locations":[{"start":{"line":29,"column":18},"end":{"line":29,"column":58}},{"start":{"line":29,"column":62},"end":{"line":29,"column":64}}],"line":29},"6":{"loc":{"start":{"line":30,"column":2},"end":{"line":30,"column":38}},"type":"if","locations":[{"start":{"line":30,"column":2},"end":{"line":30,"column":38}},{"start":{},"end":{}}],"line":30},"7":{"loc":{"start":{"line":31,"column":2},"end":{"line":31,"column":72}},"type":"if","locations":[{"start":{"line":31,"column":2},"end":{"line":31,"column":72}},{"start":{},"end":{}}],"line":31},"8":{"loc":{"start":{"line":36,"column":14},"end":{"line":36,"column":80}},"type":"cond-expr","locations":[{"start":{"line":36,"column":54},"end":{"line":36,"column":71}},{"start":{"line":36,"column":74},"end":{"line":36,"column":80}}],"line":36},"9":{"loc":{"start":{"line":37,"column":18},"end":{"line":43,"column":17}},"type":"cond-expr","locations":[{"start":{"line":38,"column":6},"end":{"line":42,"column":7}},{"start":{"line":43,"column":6},"end":{"line":43,"column":17}}],"line":37},"10":{"loc":{"start":{"line":37,"column":18},"end":{"line":37,"column":64}},"type":"binary-expr","locations":[{"start":{"line":37,"column":18},"end":{"line":37,"column":29}},{"start":{"line":37,"column":33},"end":{"line":37,"column":64}}],"line":37},"11":{"loc":{"start":{"line":40,"column":17},"end":{"line":40,"column":56}},"type":"binary-expr","locations":[{"start":{"line":40,"column":17},"end":{"line":40,"column":36}},{"start":{"line":40,"column":40},"end":{"line":40,"column":56}}],"line":40},"12":{"loc":{"start":{"line":41,"column":18},"end":{"line":41,"column":68}},"type":"binary-expr","locations":[{"start":{"line":41,"column":18},"end":{"line":41,"column":38}},{"start":{"line":41,"column":42},"end":{"line":41,"column":68}}],"line":41},"13":{"loc":{"start":{"line":44,"column":21},"end":{"line":44,"column":78}},"type":"binary-expr","locations":[{"start":{"line":44,"column":21},"end":{"line":44,"column":35}},{"start":{"line":44,"column":39},"end":{"line":44,"column":78}}],"line":44},"14":{"loc":{"start":{"line":49,"column":17},"end":{"line":49,"column":46}},"type":"binary-expr","locations":[{"start":{"line":49,"column":17},"end":{"line":49,"column":28}},{"start":{"line":49,"column":32},"end":{"line":49,"column":40}},{"start":{"line":49,"column":44},"end":{"line":49,"column":46}}],"line":49},"15":{"loc":{"start":{"line":50,"column":12},"end":{"line":50,"column":60}},"type":"binary-expr","locations":[{"start":{"line":50,"column":12},"end":{"line":50,"column":22}},{"start":{"line":50,"column":26},"end":{"line":50,"column":60}}],"line":50},"16":{"loc":{"start":{"line":50,"column":41},"end":{"line":50,"column":59}},"type":"binary-expr","locations":[{"start":{"line":50,"column":41},"end":{"line":50,"column":53}},{"start":{"line":50,"column":57},"end":{"line":50,"column":59}}],"line":50},"17":{"loc":{"start":{"line":51,"column":14},"end":{"line":51,"column":43}},"type":"binary-expr","locations":[{"start":{"line":51,"column":14},"end":{"line":51,"column":26}},{"start":{"line":51,"column":30},"end":{"line":51,"column":43}}],"line":51},"18":{"loc":{"start":{"line":53,"column":16},"end":{"line":53,"column":42}},"type":"binary-expr","locations":[{"start":{"line":53,"column":16},"end":{"line":53,"column":37}},{"start":{"line":53,"column":41},"end":{"line":53,"column":42}}],"line":53},"19":{"loc":{"start":{"line":54,"column":15},"end":{"line":54,"column":46}},"type":"binary-expr","locations":[{"start":{"line":54,"column":15},"end":{"line":54,"column":28}},{"start":{"line":54,"column":32},"end":{"line":54,"column":46}}],"line":54},"20":{"loc":{"start":{"line":77,"column":2},"end":{"line":81,"column":3}},"type":"if","locations":[{"start":{"line":77,"column":2},"end":{"line":81,"column":3}},{"start":{"line":79,"column":9},"end":{"line":81,"column":3}}],"line":77},"21":{"loc":{"start":{"line":83,"column":21},"end":{"line":83,"column":33}},"type":"binary-expr","locations":[{"start":{"line":83,"column":21},"end":{"line":83,"column":28}},{"start":{"line":83,"column":32},"end":{"line":83,"column":33}}],"line":83},"22":{"loc":{"start":{"line":86,"column":2},"end":{"line":95,"column":3}},"type":"if","locations":[{"start":{"line":86,"column":2},"end":{"line":95,"column":3}},{"start":{},"end":{}}],"line":86},"23":{"loc":{"start":{"line":97,"column":2},"end":{"line":105,"column":3}},"type":"if","locations":[{"start":{"line":97,"column":2},"end":{"line":105,"column":3}},{"start":{},"end":{}}],"line":97},"24":{"loc":{"start":{"line":107,"column":2},"end":{"line":109,"column":3}},"type":"if","locations":[{"start":{"line":107,"column":2},"end":{"line":109,"column":3}},{"start":{},"end":{}}],"line":107},"25":{"loc":{"start":{"line":108,"column":23},"end":{"line":108,"column":40}},"type":"binary-expr","locations":[{"start":{"line":108,"column":23},"end":{"line":108,"column":34}},{"start":{"line":108,"column":38},"end":{"line":108,"column":40}}],"line":108},"26":{"loc":{"start":{"line":111,"column":42},"end":{"line":111,"column":58}},"type":"binary-expr","locations":[{"start":{"line":111,"column":42},"end":{"line":111,"column":46}},{"start":{"line":111,"column":50},"end":{"line":111,"column":58}}],"line":111},"27":{"loc":{"start":{"line":112,"column":2},"end":{"line":112,"column":54}},"type":"if","locations":[{"start":{"line":112,"column":2},"end":{"line":112,"column":54}},{"start":{},"end":{}}],"line":112},"28":{"loc":{"start":{"line":113,"column":2},"end":{"line":113,"column":53}},"type":"if","locations":[{"start":{"line":113,"column":2},"end":{"line":113,"column":53}},{"start":{},"end":{}}],"line":113},"29":{"loc":{"start":{"line":114,"column":2},"end":{"line":126,"column":3}},"type":"if","locations":[{"start":{"line":114,"column":2},"end":{"line":126,"column":3}},{"start":{},"end":{}}],"line":114},"30":{"loc":{"start":{"line":117,"column":10},"end":{"line":117,"column":27}},"type":"binary-expr","locations":[{"start":{"line":117,"column":10},"end":{"line":117,"column":21}},{"start":{"line":117,"column":25},"end":{"line":117,"column":27}}],"line":117},"31":{"loc":{"start":{"line":128,"column":25},"end":{"line":128,"column":48}},"type":"binary-expr","locations":[{"start":{"line":128,"column":25},"end":{"line":128,"column":34}},{"start":{"line":128,"column":38},"end":{"line":128,"column":48}}],"line":128},"32":{"loc":{"start":{"line":129,"column":25},"end":{"line":129,"column":48}},"type":"binary-expr","locations":[{"start":{"line":129,"column":25},"end":{"line":129,"column":34}},{"start":{"line":129,"column":38},"end":{"line":129,"column":48}}],"line":129},"33":{"loc":{"start":{"line":130,"column":2},"end":{"line":134,"column":3}},"type":"if","locations":[{"start":{"line":130,"column":2},"end":{"line":134,"column":3}},{"start":{},"end":{}}],"line":130},"34":{"loc":{"start":{"line":130,"column":6},"end":{"line":130,"column":38}},"type":"binary-expr","locations":[{"start":{"line":130,"column":6},"end":{"line":130,"column":20}},{"start":{"line":130,"column":24},"end":{"line":130,"column":38}}],"line":130},"35":{"loc":{"start":{"line":131,"column":18},"end":{"line":131,"column":35}},"type":"binary-expr","locations":[{"start":{"line":131,"column":18},"end":{"line":131,"column":29}},{"start":{"line":131,"column":33},"end":{"line":131,"column":35}}],"line":131},"36":{"loc":{"start":{"line":132,"column":4},"end":{"line":132,"column":93}},"type":"if","locations":[{"start":{"line":132,"column":4},"end":{"line":132,"column":93}},{"start":{},"end":{}}],"line":132},"37":{"loc":{"start":{"line":133,"column":4},"end":{"line":133,"column":93}},"type":"if","locations":[{"start":{"line":133,"column":4},"end":{"line":133,"column":93}},{"start":{},"end":{}}],"line":133},"38":{"loc":{"start":{"line":136,"column":2},"end":{"line":141,"column":3}},"type":"if","locations":[{"start":{"line":136,"column":2},"end":{"line":141,"column":3}},{"start":{},"end":{}}],"line":136},"39":{"loc":{"start":{"line":136,"column":6},"end":{"line":136,"column":22}},"type":"binary-expr","locations":[{"start":{"line":136,"column":6},"end":{"line":136,"column":12}},{"start":{"line":136,"column":16},"end":{"line":136,"column":22}}],"line":136},"40":{"loc":{"start":{"line":138,"column":4},"end":{"line":138,"column":115}},"type":"if","locations":[{"start":{"line":138,"column":4},"end":{"line":138,"column":115}},{"start":{},"end":{}}],"line":138},"41":{"loc":{"start":{"line":139,"column":4},"end":{"line":139,"column":115}},"type":"if","locations":[{"start":{"line":139,"column":4},"end":{"line":139,"column":115}},{"start":{},"end":{}}],"line":139},"42":{"loc":{"start":{"line":140,"column":4},"end":{"line":140,"column":87}},"type":"if","locations":[{"start":{"line":140,"column":4},"end":{"line":140,"column":87}},{"start":{},"end":{}}],"line":140},"43":{"loc":{"start":{"line":140,"column":46},"end":{"line":140,"column":63}},"type":"binary-expr","locations":[{"start":{"line":140,"column":46},"end":{"line":140,"column":57}},{"start":{"line":140,"column":61},"end":{"line":140,"column":63}}],"line":140},"44":{"loc":{"start":{"line":148,"column":26},"end":{"line":148,"column":53}},"type":"binary-expr","locations":[{"start":{"line":148,"column":26},"end":{"line":148,"column":48}},{"start":{"line":148,"column":52},"end":{"line":148,"column":53}}],"line":148},"45":{"loc":{"start":{"line":149,"column":36},"end":{"line":149,"column":65}},"type":"binary-expr","locations":[{"start":{"line":149,"column":36},"end":{"line":149,"column":59}},{"start":{"line":149,"column":63},"end":{"line":149,"column":65}}],"line":149},"46":{"loc":{"start":{"line":151,"column":17},"end":{"line":151,"column":47}},"type":"binary-expr","locations":[{"start":{"line":151,"column":17},"end":{"line":151,"column":31}},{"start":{"line":151,"column":35},"end":{"line":151,"column":47}}],"line":151},"47":{"loc":{"start":{"line":177,"column":17},"end":{"line":177,"column":55}},"type":"binary-expr","locations":[{"start":{"line":177,"column":17},"end":{"line":177,"column":34}},{"start":{"line":177,"column":38},"end":{"line":177,"column":49}},{"start":{"line":177,"column":53},"end":{"line":177,"column":55}}],"line":177},"48":{"loc":{"start":{"line":178,"column":18},"end":{"line":178,"column":42}},"type":"binary-expr","locations":[{"start":{"line":178,"column":18},"end":{"line":178,"column":36}},{"start":{"line":178,"column":40},"end":{"line":178,"column":42}}],"line":178},"49":{"loc":{"start":{"line":179,"column":14},"end":{"line":179,"column":56}},"type":"binary-expr","locations":[{"start":{"line":179,"column":14},"end":{"line":179,"column":28}},{"start":{"line":179,"column":32},"end":{"line":179,"column":50}},{"start":{"line":179,"column":54},"end":{"line":179,"column":56}}],"line":179},"50":{"loc":{"start":{"line":193,"column":4},"end":{"line":193,"column":88}},"type":"if","locations":[{"start":{"line":193,"column":4},"end":{"line":193,"column":88}},{"start":{},"end":{}}],"line":193},"51":{"loc":{"start":{"line":202,"column":25},"end":{"line":202,"column":41}},"type":"binary-expr","locations":[{"start":{"line":202,"column":25},"end":{"line":202,"column":35}},{"start":{"line":202,"column":39},"end":{"line":202,"column":41}}],"line":202},"52":{"loc":{"start":{"line":254,"column":32},"end":{"line":254,"column":65}},"type":"binary-expr","locations":[{"start":{"line":254,"column":32},"end":{"line":254,"column":48}},{"start":{"line":254,"column":52},"end":{"line":254,"column":65}}],"line":254},"53":{"loc":{"start":{"line":256,"column":15},"end":{"line":256,"column":53}},"type":"binary-expr","locations":[{"start":{"line":256,"column":15},"end":{"line":256,"column":31}},{"start":{"line":256,"column":35},"end":{"line":256,"column":53}}],"line":256},"54":{"loc":{"start":{"line":272,"column":10},"end":{"line":272,"column":115}},"type":"cond-expr","locations":[{"start":{"line":272,"column":46},"end":{"line":272,"column":110}},{"start":{"line":272,"column":113},"end":{"line":272,"column":115}}],"line":272},"55":{"loc":{"start":{"line":272,"column":10},"end":{"line":272,"column":43}},"type":"binary-expr","locations":[{"start":{"line":272,"column":10},"end":{"line":272,"column":26}},{"start":{"line":272,"column":30},"end":{"line":272,"column":43}}],"line":272},"56":{"loc":{"start":{"line":272,"column":74},"end":{"line":272,"column":107}},"type":"binary-expr","locations":[{"start":{"line":272,"column":74},"end":{"line":272,"column":90}},{"start":{"line":272,"column":94},"end":{"line":272,"column":107}}],"line":272},"57":{"loc":{"start":{"line":280,"column":4},"end":{"line":280,"column":88}},"type":"if","locations":[{"start":{"line":280,"column":4},"end":{"line":280,"column":88}},{"start":{},"end":{}}],"line":280},"58":{"loc":{"start":{"line":299,"column":4},"end":{"line":299,"column":88}},"type":"if","locations":[{"start":{"line":299,"column":4},"end":{"line":299,"column":88}},{"start":{},"end":{}}],"line":299},"59":{"loc":{"start":{"line":311,"column":4},"end":{"line":313,"column":5}},"type":"if","locations":[{"start":{"line":311,"column":4},"end":{"line":313,"column":5}},{"start":{},"end":{}}],"line":311}},"s":{"0":2,"1":2,"2":2,"3":2,"4":2,"5":2,"6":2,"7":2,"8":0,"9":2,"10":0,"11":2,"12":0,"13":0,"14":0,"15":0,"16":2,"17":0,"18":0,"19":0,"20":0,"21":0,"22":0,"23":2,"24":0,"25":0,"26":0,"27":0,"28":2,"29":0,"30":0,"31":0,"32":0,"33":0,"34":0,"35":0,"36":0,"37":0,"38":0,"39":0,"40":0,"41":0,"42":0,"43":0,"44":0,"45":0,"46":0,"47":0,"48":0,"49":0,"50":0,"51":0,"52":0,"53":0,"54":0,"55":0,"56":0,"57":0,"58":0,"59":0,"60":0,"61":0,"62":0,"63":0,"64":0,"65":0,"66":0,"67":0,"68":0,"69":2,"70":0,"71":0,"72":0,"73":0,"74":0,"75":0,"76":0,"77":0,"78":0,"79":0,"80":2,"81":0,"82":0,"83":0,"84":0,"85":0,"86":0,"87":0,"88":0,"89":2,"90":0,"91":0,"92":0,"93":0,"94":0,"95":2,"96":0,"97":0,"98":0,"99":0,"100":0,"101":0,"102":0,"103":2,"104":0,"105":0,"106":0,"107":0,"108":0,"109":0,"110":0,"111":0,"112":0,"113":0,"114":2,"115":0,"116":0,"117":0,"118":0,"119":0,"120":0,"121":0,"122":2,"123":0,"124":0,"125":0,"126":0,"127":0,"128":0,"129":0,"130":0,"131":0,"132":2,"133":0,"134":0,"135":0,"136":0,"137":0,"138":0,"139":0,"140":2,"141":0,"142":0,"143":0,"144":0,"145":0,"146":0,"147":0,"148":2,"149":0,"150":0,"151":0,"152":0,"153":2,"154":0,"155":0,"156":0,"157":0},"f":{"0":0,"1":0,"2":0,"3":0,"4":0,"5":0,"6":0,"7":0,"8":0,"9":0,"10":0,"11":0,"12":0,"13":0,"14":0,"15":0,"16":0,"17":0,"18":0,"19":0,"20":0,"21":0},"b":{"0":[0],"1":[0,0],"2":[0,0],"3":[0,0],"4":[0],"5":[0,0],"6":[0,0],"7":[0,0],"8":[0,0],"9":[0,0],"10":[0,0],"11":[0,0],"12":[0,0],"13":[0,0],"14":[0,0,0],"15":[0,0],"16":[0,0],"17":[0,0],"18":[0,0],"19":[0,0],"20":[0,0],"21":[0,0],"22":[0,0],"23":[0,0],"24":[0,0],"25":[0,0],"26":[0,0],"27":[0,0],"28":[0,0],"29":[0,0],"30":[0,0],"31":[0,0],"32":[0,0],"33":[0,0],"34":[0,0],"35":[0,0],"36":[0,0],"37":[0,0],"38":[0,0],"39":[0,0],"40":[0,0],"41":[0,0],"42":[0,0],"43":[0,0],"44":[0,0],"45":[0,0],"46":[0,0],"47":[0,0,0],"48":[0,0],"49":[0,0,0],"50":[0,0],"51":[0,0],"52":[0,0],"53":[0,0],"54":[0,0],"55":[0,0],"56":[0,0],"57":[0,0],"58":[0,0],"59":[0,0]},"_coverageSchema":"1a1c01bbd47fc00a2c39e90264f33305004495a9","hash":"c79826838cfb071d38db12a60daa3f7bc3ce31af"}
,"C:\\Users\\Gokul N\\Downloads\\job-portal\\JOBTOY\\backend\\controllers\\user.controller.js": {"path":"C:\\Users\\Gokul N\\Downloads\\job-portal\\JOBTOY\\backend\\controllers\\user.controller.js","statementMap":{"0":{"start":{"line":1,"column":13},"end":{"line":1,"column":44}},"1":{"start":{"line":2,"column":17},"end":{"line":2,"column":52}},"2":{"start":{"line":3,"column":18},"end":{"line":3,"column":51}},"3":{"start":{"line":6,"column":0},"end":{"line":13,"column":2}},"4":{"start":{"line":7,"column":2},"end":{"line":12,"column":3}},"5":{"start":{"line":8,"column":17},"end":{"line":8,"column":70}},"6":{"start":{"line":9,"column":4},"end":{"line":9,"column":38}},"7":{"start":{"line":11,"column":4},"end":{"line":11,"column":16}},"8":{"start":{"line":16,"column":0},"end":{"line":31,"column":2}},"9":{"start":{"line":17,"column":2},"end":{"line":30,"column":3}},"10":{"start":{"line":18,"column":17},"end":{"line":22,"column":25}},"11":{"start":{"line":25,"column":4},"end":{"line":25,"column":90}},"12":{"start":{"line":25,"column":49},"end":{"line":25,"column":88}},"13":{"start":{"line":27,"column":4},"end":{"line":27,"column":38}},"14":{"start":{"line":29,"column":4},"end":{"line":29,"column":16}},"15":{"start":{"line":34,"column":0},"end":{"line":49,"column":2}},"16":{"start":{"line":35,"column":2},"end":{"line":48,"column":3}},"17":{"start":{"line":36,"column":21},"end":{"line":39,"column":6}},"18":{"start":{"line":41,"column":4},"end":{"line":41,"column":26}},"19":{"start":{"line":42,"column":4},"end":{"line":42,"column":66}},"20":{"start":{"line":44,"column":4},"end":{"line":46,"column":5}},"21":{"start":{"line":45,"column":6},"end":{"line":45,"column":80}},"22":{"start":{"line":47,"column":4},"end":{"line":47,"column":16}},"23":{"start":{"line":52,"column":0},"end":{"line":64,"column":2}},"24":{"start":{"line":53,"column":2},"end":{"line":63,"column":3}},"25":{"start":{"line":54,"column":22},"end":{"line":58,"column":28}},"26":{"start":{"line":60,"column":4},"end":{"line":60,"column":74}},"27":{"start":{"line":60,"column":62},"end":{"line":60,"column":69}},"28":{"start":{"line":62,"column":4},"end":{"line":62,"column":16}},"29":{"start":{"line":69,"column":0},"end":{"line":92,"column":2}},"30":{"start":{"line":70,"column":2},"end":{"line":91,"column":3}},"31":{"start":{"line":71,"column":4},"end":{"line":73,"column":5}},"32":{"start":{"line":72,"column":6},"end":{"line":72,"column":87}},"33":{"start":{"line":75,"column":17},"end":{"line":75,"column":50}},"34":{"start":{"line":78,"column":26},"end":{"line":78,"column":51}},"35":{"start":{"line":80,"column":4},"end":{"line":84,"column":7}},"36":{"start":{"line":86,"column":4},"end":{"line":86,"column":22}},"37":{"start":{"line":88,"column":4},"end":{"line":88,"column":67}},"38":{"start":{"line":90,"column":4},"end":{"line":90,"column":16}},"39":{"start":{"line":95,"column":0},"end":{"line":116,"column":2}},"40":{"start":{"line":96,"column":2},"end":{"line":115,"column":3}},"41":{"start":{"line":97,"column":19},"end":{"line":97,"column":29}},"42":{"start":{"line":98,"column":17},"end":{"line":98,"column":50}},"43":{"start":{"line":100,"column":25},"end":{"line":100,"column":72}},"44":{"start":{"line":100,"column":48},"end":{"line":100,"column":71}},"45":{"start":{"line":101,"column":4},"end":{"line":103,"column":5}},"46":{"start":{"line":102,"column":6},"end":{"line":102,"column":83}},"47":{"start":{"line":106,"column":4},"end":{"line":108,"column":7}},"48":{"start":{"line":107,"column":6},"end":{"line":107,"column":44}},"49":{"start":{"line":110,"column":4},"end":{"line":110,"column":22}},"50":{"start":{"line":112,"column":4},"end":{"line":112,"column":55}},"51":{"start":{"line":114,"column":4},"end":{"line":114,"column":16}},"52":{"start":{"line":119,"column":0},"end":{"line":142,"column":2}},"53":{"start":{"line":120,"column":2},"end":{"line":141,"column":3}},"54":{"start":{"line":121,"column":19},"end":{"line":121,"column":29}},"55":{"start":{"line":122,"column":17},"end":{"line":122,"column":50}},"56":{"start":{"line":124,"column":26},"end":{"line":124,"column":45}},"57":{"start":{"line":125,"column":4},"end":{"line":125,"column":69}},"58":{"start":{"line":125,"column":44},"end":{"line":125,"column":67}},"59":{"start":{"line":127,"column":4},"end":{"line":129,"column":5}},"60":{"start":{"line":128,"column":6},"end":{"line":128,"column":83}},"61":{"start":{"line":132,"column":4},"end":{"line":134,"column":5}},"62":{"start":{"line":132,"column":80},"end":{"line":132,"column":91}},"63":{"start":{"line":133,"column":6},"end":{"line":133,"column":39}},"64":{"start":{"line":136,"column":4},"end":{"line":136,"column":22}},"65":{"start":{"line":138,"column":4},"end":{"line":138,"column":55}},"66":{"start":{"line":140,"column":4},"end":{"line":140,"column":16}},"67":{"start":{"line":145,"column":0},"end":{"line":171,"column":2}},"68":{"start":{"line":146,"column":2},"end":{"line":170,"column":3}},"69":{"start":{"line":147,"column":41},"end":{"line":147,"column":49}},"70":{"start":{"line":149,"column":4},"end":{"line":151,"column":5}},"71":{"start":{"line":150,"column":6},"end":{"line":150,"column":110}},"72":{"start":{"line":153,"column":17},"end":{"line":153,"column":50}},"73":{"start":{"line":155,"column":4},"end":{"line":160,"column":7}},"74":{"start":{"line":162,"column":4},"end":{"line":162,"column":22}},"75":{"start":{"line":165,"column":4},"end":{"line":165,"column":90}},"76":{"start":{"line":165,"column":49},"end":{"line":165,"column":88}},"77":{"start":{"line":167,"column":4},"end":{"line":167,"column":75}},"78":{"start":{"line":169,"column":4},"end":{"line":169,"column":16}}},"fnMap":{"0":{"name":"(anonymous_0)","decl":{"start":{"line":6,"column":21},"end":{"line":6,"column":22}},"loc":{"start":{"line":6,"column":47},"end":{"line":13,"column":1}},"line":6},"1":{"name":"(anonymous_1)","decl":{"start":{"line":16,"column":24},"end":{"line":16,"column":25}},"loc":{"start":{"line":16,"column":50},"end":{"line":31,"column":1}},"line":16},"2":{"name":"(anonymous_2)","decl":{"start":{"line":25,"column":42},"end":{"line":25,"column":43}},"loc":{"start":{"line":25,"column":49},"end":{"line":25,"column":88}},"line":25},"3":{"name":"(anonymous_3)","decl":{"start":{"line":34,"column":18},"end":{"line":34,"column":19}},"loc":{"start":{"line":34,"column":44},"end":{"line":49,"column":1}},"line":34},"4":{"name":"(anonymous_4)","decl":{"start":{"line":52,"column":23},"end":{"line":52,"column":24}},"loc":{"start":{"line":52,"column":49},"end":{"line":64,"column":1}},"line":52},"5":{"name":"(anonymous_5)","decl":{"start":{"line":60,"column":55},"end":{"line":60,"column":56}},"loc":{"start":{"line":60,"column":62},"end":{"line":60,"column":69}},"line":60},"6":{"name":"(anonymous_6)","decl":{"start":{"line":69,"column":23},"end":{"line":69,"column":24}},"loc":{"start":{"line":69,"column":49},"end":{"line":92,"column":1}},"line":69},"7":{"name":"(anonymous_7)","decl":{"start":{"line":95,"column":27},"end":{"line":95,"column":28}},"loc":{"start":{"line":95,"column":53},"end":{"line":116,"column":1}},"line":95},"8":{"name":"(anonymous_8)","decl":{"start":{"line":100,"column":43},"end":{"line":100,"column":44}},"loc":{"start":{"line":100,"column":48},"end":{"line":100,"column":71}},"line":100},"9":{"name":"(anonymous_9)","decl":{"start":{"line":106,"column":25},"end":{"line":106,"column":26}},"loc":{"start":{"line":106,"column":30},"end":{"line":108,"column":5}},"line":106},"10":{"name":"(anonymous_10)","decl":{"start":{"line":119,"column":23},"end":{"line":119,"column":24}},"loc":{"start":{"line":119,"column":49},"end":{"line":142,"column":1}},"line":119},"11":{"name":"(anonymous_11)","decl":{"start":{"line":125,"column":39},"end":{"line":125,"column":40}},"loc":{"start":{"line":125,"column":44},"end":{"line":125,"column":67}},"line":125},"12":{"name":"(anonymous_12)","decl":{"start":{"line":132,"column":75},"end":{"line":132,"column":76}},"loc":{"start":{"line":132,"column":80},"end":{"line":132,"column":91}},"line":132},"13":{"name":"(anonymous_13)","decl":{"start":{"line":145,"column":24},"end":{"line":145,"column":25}},"loc":{"start":{"line":145,"column":50},"end":{"line":171,"column":1}},"line":145},"14":{"name":"(anonymous_14)","decl":{"start":{"line":165,"column":42},"end":{"line":165,"column":43}},"loc":{"start":{"line":165,"column":49},"end":{"line":165,"column":88}},"line":165}},"branchMap":{"0":{"loc":{"start":{"line":44,"column":4},"end":{"line":46,"column":5}},"type":"if","locations":[{"start":{"line":44,"column":4},"end":{"line":46,"column":5}},{"start":{},"end":{}}],"line":44},"1":{"loc":{"start":{"line":71,"column":4},"end":{"line":73,"column":5}},"type":"if","locations":[{"start":{"line":71,"column":4},"end":{"line":73,"column":5}},{"start":{},"end":{}}],"line":71},"2":{"loc":{"start":{"line":81,"column":12},"end":{"line":81,"column":45}},"type":"binary-expr","locations":[{"start":{"line":81,"column":12},"end":{"line":81,"column":33}},{"start":{"line":81,"column":37},"end":{"line":81,"column":45}}],"line":81},"3":{"loc":{"start":{"line":101,"column":4},"end":{"line":103,"column":5}},"type":"if","locations":[{"start":{"line":101,"column":4},"end":{"line":103,"column":5}},{"start":{},"end":{}}],"line":101},"4":{"loc":{"start":{"line":127,"column":4},"end":{"line":129,"column":5}},"type":"if","locations":[{"start":{"line":127,"column":4},"end":{"line":129,"column":5}},{"start":{},"end":{}}],"line":127},"5":{"loc":{"start":{"line":132,"column":4},"end":{"line":134,"column":5}},"type":"if","locations":[{"start":{"line":132,"column":4},"end":{"line":134,"column":5}},{"start":{},"end":{}}],"line":132},"6":{"loc":{"start":{"line":132,"column":8},"end":{"line":132,"column":92}},"type":"binary-expr","locations":[{"start":{"line":132,"column":8},"end":{"line":132,"column":25}},{"start":{"line":132,"column":29},"end":{"line":132,"column":52}},{"start":{"line":132,"column":56},"end":{"line":132,"column":92}}],"line":132},"7":{"loc":{"start":{"line":149,"column":4},"end":{"line":151,"column":5}},"type":"if","locations":[{"start":{"line":149,"column":4},"end":{"line":151,"column":5}},{"start":{},"end":{}}],"line":149},"8":{"loc":{"start":{"line":149,"column":8},"end":{"line":149,"column":46}},"type":"binary-expr","locations":[{"start":{"line":149,"column":8},"end":{"line":149,"column":18}},{"start":{"line":149,"column":22},"end":{"line":149,"column":29}},{"start":{"line":149,"column":33},"end":{"line":149,"column":46}}],"line":149}},"s":{"0":2,"1":2,"2":2,"3":2,"4":0,"5":0,"6":0,"7":0,"8":2,"9":0,"10":0,"11":0,"12":0,"13":0,"14":0,"15":2,"16":0,"17":0,"18":0,"19":0,"20":0,"21":0,"22":0,"23":2,"24":0,"25":0,"26":0,"27":0,"28":0,"29":2,"30":0,"31":0,"32":0,"33":0,"34":0,"35":0,"36":0,"37":0,"38":0,"39":2,"40":0,"41":0,"42":0,"43":0,"44":0,"45":0,"46":0,"47":0,"48":0,"49":0,"50":0,"51":0,"52":2,"53":0,"54":0,"55":0,"56":0,"57":0,"58":0,"59":0,"60":0,"61":0,"62":0,"63":0,"64":0,"65":0,"66":0,"67":2,"68":0,"69":0,"70":0,"71":0,"72":0,"73":0,"74":0,"75":0,"76":0,"77":0,"78":0},"f":{"0":0,"1":0,"2":0,"3":0,"4":0,"5":0,"6":0,"7":0,"8":0,"9":0,"10":0,"11":0,"12":0,"13":0,"14":0},"b":{"0":[0,0],"1":[0,0],"2":[0,0],"3":[0,0],"4":[0,0],"5":[0,0],"6":[0,0,0],"7":[0,0],"8":[0,0,0]},"_coverageSchema":"1a1c01bbd47fc00a2c39e90264f33305004495a9","hash":"e8f90efee9a5001023520b4dd6c7f51f4181dc88"}
,"C:\\Users\\Gokul N\\Downloads\\job-portal\\JOBTOY\\backend\\middleware\\auth.middleware.js": {"path":"C:\\Users\\Gokul N\\Downloads\\job-portal\\JOBTOY\\backend\\middleware\\auth.middleware.js","statementMap":{"0":{"start":{"line":1,"column":12},"end":{"line":1,"column":35}},"1":{"start":{"line":2,"column":15},"end":{"line":2,"column":42}},"2":{"start":{"line":4,"column":23},"end":{"line":27,"column":1}},"3":{"start":{"line":5,"column":2},"end":{"line":26,"column":3}},"4":{"start":{"line":6,"column":18},"end":{"line":6,"column":58}},"5":{"start":{"line":8,"column":4},"end":{"line":14,"column":5}},"6":{"start":{"line":9,"column":6},"end":{"line":13,"column":9}},"7":{"start":{"line":16,"column":20},"end":{"line":16,"column":61}},"8":{"start":{"line":17,"column":4},"end":{"line":17,"column":23}},"9":{"start":{"line":18,"column":4},"end":{"line":18,"column":11}},"10":{"start":{"line":20,"column":4},"end":{"line":20,"column":47}},"11":{"start":{"line":21,"column":4},"end":{"line":25,"column":7}},"12":{"start":{"line":29,"column":21},"end":{"line":40,"column":1}},"13":{"start":{"line":30,"column":2},"end":{"line":38,"column":3}},"14":{"start":{"line":31,"column":18},"end":{"line":31,"column":58}},"15":{"start":{"line":32,"column":4},"end":{"line":35,"column":5}},"16":{"start":{"line":33,"column":22},"end":{"line":33,"column":63}},"17":{"start":{"line":34,"column":6},"end":{"line":34,"column":25}},"18":{"start":{"line":39,"column":2},"end":{"line":39,"column":9}},"19":{"start":{"line":42,"column":18},"end":{"line":51,"column":1}},"20":{"start":{"line":43,"column":2},"end":{"line":49,"column":3}},"21":{"start":{"line":44,"column":4},"end":{"line":48,"column":7}},"22":{"start":{"line":50,"column":2},"end":{"line":50,"column":9}},"23":{"start":{"line":53,"column":21},"end":{"line":62,"column":1}},"24":{"start":{"line":54,"column":2},"end":{"line":60,"column":3}},"25":{"start":{"line":55,"column":4},"end":{"line":59,"column":7}},"26":{"start":{"line":61,"column":2},"end":{"line":61,"column":9}},"27":{"start":{"line":64,"column":16},"end":{"line":64,"column":30}},"28":{"start":{"line":66,"column":19},"end":{"line":77,"column":1}},"29":{"start":{"line":67,"column":2},"end":{"line":76,"column":4}},"30":{"start":{"line":68,"column":4},"end":{"line":74,"column":5}},"31":{"start":{"line":69,"column":6},"end":{"line":73,"column":9}},"32":{"start":{"line":75,"column":4},"end":{"line":75,"column":11}},"33":{"start":{"line":79,"column":0},"end":{"line":86,"column":2}}},"fnMap":{"0":{"name":"(anonymous_0)","decl":{"start":{"line":4,"column":23},"end":{"line":4,"column":24}},"loc":{"start":{"line":4,"column":43},"end":{"line":27,"column":1}},"line":4},"1":{"name":"(anonymous_1)","decl":{"start":{"line":29,"column":21},"end":{"line":29,"column":22}},"loc":{"start":{"line":29,"column":41},"end":{"line":40,"column":1}},"line":29},"2":{"name":"(anonymous_2)","decl":{"start":{"line":42,"column":18},"end":{"line":42,"column":19}},"loc":{"start":{"line":42,"column":38},"end":{"line":51,"column":1}},"line":42},"3":{"name":"(anonymous_3)","decl":{"start":{"line":53,"column":21},"end":{"line":53,"column":22}},"loc":{"start":{"line":53,"column":41},"end":{"line":62,"column":1}},"line":53},"4":{"name":"(anonymous_4)","decl":{"start":{"line":66,"column":19},"end":{"line":66,"column":20}},"loc":{"start":{"line":66,"column":33},"end":{"line":77,"column":1}},"line":66},"5":{"name":"(anonymous_5)","decl":{"start":{"line":67,"column":9},"end":{"line":67,"column":10}},"loc":{"start":{"line":67,"column":29},"end":{"line":76,"column":3}},"line":67}},"branchMap":{"0":{"loc":{"start":{"line":8,"column":4},"end":{"line":14,"column":5}},"type":"if","locations":[{"start":{"line":8,"column":4},"end":{"line":14,"column":5}},{"start":{},"end":{}}],"line":8},"1":{"loc":{"start":{"line":32,"column":4},"end":{"line":35,"column":5}},"type":"if","locations":[{"start":{"line":32,"column":4},"end":{"line":35,"column":5}},{"start":{},"end":{}}],"line":32},"2":{"loc":{"start":{"line":43,"column":2},"end":{"line":49,"column":3}},"type":"if","locations":[{"start":{"line":43,"column":2},"end":{"line":49,"column":3}},{"start":{},"end":{}}],"line":43},"3":{"loc":{"start":{"line":54,"column":2},"end":{"line":60,"column":3}},"type":"if","locations":[{"start":{"line":54,"column":2},"end":{"line":60,"column":3}},{"start":{},"end":{}}],"line":54},"4":{"loc":{"start":{"line":68,"column":4},"end":{"line":74,"column":5}},"type":"if","locations":[{"start":{"line":68,"column":4},"end":{"line":74,"column":5}},{"start":{},"end":{}}],"line":68}},"s":{"0":2,"1":2,"2":2,"3":0,"4":0,"5":0,"6":0,"7":0,"8":0,"9":0,"10":0,"11":0,"12":2,"13":0,"14":0,"15":0,"16":0,"17":0,"18":0,"19":2,"20":0,"21":0,"22":0,"23":2,"24":0,"25":0,"26":0,"27":2,"28":2,"29":16,"30":0,"31":0,"32":0,"33":2},"f":{"0":0,"1":0,"2":0,"3":0,"4":16,"5":0},"b":{"0":[0,0],"1":[0,0],"2":[0,0],"3":[0,0],"4":[0,0]},"_coverageSchema":"1a1c01bbd47fc00a2c39e90264f33305004495a9","hash":"823fd5258e56c903f7a5356e63af31b8d6ff86c9"}
,"C:\\Users\\Gokul N\\Downloads\\job-portal\\JOBTOY\\backend\\middleware\\validation.js": {"path":"C:\\Users\\Gokul N\\Downloads\\job-portal\\JOBTOY\\backend\\middleware\\validation.js","statementMap":{"0":{"start":{"line":1,"column":29},"end":{"line":1,"column":57}},"1":{"start":{"line":2,"column":15},"end":{"line":2,"column":42}},"2":{"start":{"line":4,"column":25},"end":{"line":20,"column":1}},"3":{"start":{"line":5,"column":17},"end":{"line":5,"column":38}},"4":{"start":{"line":6,"column":2},"end":{"line":18,"column":3}},"5":{"start":{"line":7,"column":4},"end":{"line":7,"column":53}},"6":{"start":{"line":8,"column":20},"end":{"line":8,"column":22}},"7":{"start":{"line":9,"column":4},"end":{"line":11,"column":7}},"8":{"start":{"line":10,"column":6},"end":{"line":10,"column":35}},"9":{"start":{"line":13,"column":4},"end":{"line":17,"column":7}},"10":{"start":{"line":19,"column":2},"end":{"line":19,"column":9}},"11":{"start":{"line":22,"column":0},"end":{"line":22,"column":34}}},"fnMap":{"0":{"name":"(anonymous_0)","decl":{"start":{"line":4,"column":25},"end":{"line":4,"column":26}},"loc":{"start":{"line":4,"column":45},"end":{"line":20,"column":1}},"line":4},"1":{"name":"(anonymous_1)","decl":{"start":{"line":9,"column":27},"end":{"line":9,"column":28}},"loc":{"start":{"line":9,"column":36},"end":{"line":11,"column":5}},"line":9}},"branchMap":{"0":{"loc":{"start":{"line":6,"column":2},"end":{"line":18,"column":3}},"type":"if","locations":[{"start":{"line":6,"column":2},"end":{"line":18,"column":3}},{"start":{},"end":{}}],"line":6}},"s":{"0":2,"1":2,"2":2,"3":0,"4":0,"5":0,"6":0,"7":0,"8":0,"9":0,"10":0,"11":2},"f":{"0":0,"1":0},"b":{"0":[0,0]},"_coverageSchema":"1a1c01bbd47fc00a2c39e90264f33305004495a9","hash":"27b75174c4f8a6498f0bb7c6607935b1f3aa0731"}
,"C:\\Users\\Gokul N\\Downloads\\job-portal\\JOBTOY\\backend\\models\\Application.model.js": {"path":"C:\\Users\\Gokul N\\Downloads\\job-portal\\JOBTOY\\backend\\models\\Application.model.js","statementMap":{"0":{"start":{"line":1,"column":17},"end":{"line":1,"column":36}},"1":{"start":{"line":3,"column":26},"end":{"line":62,"column":1}},"2":{"start":{"line":65,"column":0},"end":{"line":68,"column":2}},"3":{"start":{"line":69,"column":0},"end":{"line":69,"column":61}},"4":{"start":{"line":70,"column":0},"end":{"line":70,"column":53}},"5":{"start":{"line":72,"column":0},"end":{"line":72,"column":66}}},"fnMap":{},"branchMap":{},"s":{"0":2,"1":2,"2":2,"3":2,"4":2,"5":2},"f":{},"b":{},"_coverageSchema":"1a1c01bbd47fc00a2c39e90264f33305004495a9","hash":"2c2b0b99e8de4b369562520c414cefac41a86442"}
,"C:\\Users\\Gokul N\\Downloads\\job-portal\\JOBTOY\\backend\\models\\Company.model.js": {"path":"C:\\Users\\Gokul N\\Downloads\\job-portal\\JOBTOY\\backend\\models\\Company.model.js","statementMap":{"0":{"start":{"line":1,"column":17},"end":{"line":1,"column":36}},"1":{"start":{"line":3,"column":22},"end":{"line":35,"column":1}},"2":{"start":{"line":38,"column":0},"end":{"line":38,"column":72}},"3":{"start":{"line":40,"column":0},"end":{"line":40,"column":58}}},"fnMap":{},"branchMap":{},"s":{"0":2,"1":2,"2":2,"3":2},"f":{},"b":{},"_coverageSchema":"1a1c01bbd47fc00a2c39e90264f33305004495a9","hash":"549b72c86aab0128fb5221761c7537551e83eb58"}
,"C:\\Users\\Gokul N\\Downloads\\job-portal\\JOBTOY\\backend\\models\\Job.model.js": {"path":"C:\\Users\\Gokul N\\Downloads\\job-portal\\JOBTOY\\backend\\models\\Job.model.js","statementMap":{"0":{"start":{"line":1,"column":17},"end":{"line":1,"column":36}},"1":{"start":{"line":3,"column":18},"end":{"line":57,"column":1}},"2":{"start":{"line":60,"column":0},"end":{"line":60,"column":72}},"3":{"start":{"line":61,"column":0},"end":{"line":61,"column":45}},"4":{"start":{"line":62,"column":0},"end":{"line":62,"column":33}},"5":{"start":{"line":63,"column":0},"end":{"line":63,"column":36}},"6":{"start":{"line":65,"column":0},"end":{"line":65,"column":50}}},"fnMap":{},"branchMap":{},"s":{"0":2,"1":2,"2":2,"3":2,"4":2,"5":2,"6":2},"f":{},"b":{},"_coverageSchema":"1a1c01bbd47fc00a2c39e90264f33305004495a9","hash":"6343ca804aeefa3e9f92e4c524dc138045ebdc11"}
,"C:\\Users\\Gokul N\\Downloads\\job-portal\\JOBTOY\\backend\\models\\Message.model.js": {"path":"C:\\Users\\Gokul N\\Downloads\\job-portal\\JOBTOY\\backend\\models\\Message.model.js","statementMap":{"0":{"start":{"line":1,"column":17},"end":{"line":1,"column":36}},"1":{"start":{"line":3,"column":22},"end":{"line":61,"column":1}},"2":{"start":{"line":64,"column":0},"end":{"line":64,"column":56}},"3":{"start":{"line":65,"column":0},"end":{"line":65,"column":59}},"4":{"start":{"line":66,"column":0},"end":{"line":66,"column":58}},"5":{"start":{"line":67,"column":0},"end":{"line":67,"column":51}},"6":{"start":{"line":69,"column":0},"end":{"line":69,"column":58}}},"fnMap":{},"branchMap":{},"s":{"0":2,"1":2,"2":2,"3":2,"4":2,"5":2,"6":2},"f":{},"b":{},"_coverageSchema":"1a1c01bbd47fc00a2c39e90264f33305004495a9","hash":"b240ec83f5d0a1f9b8bfe74cc7184bfb23738c18"}
,"C:\\Users\\Gokul N\\Downloads\\job-portal\\JOBTOY\\backend\\models\\Notification.model.js": {"path":"C:\\Users\\Gokul N\\Downloads\\job-portal\\JOBTOY\\backend\\models\\Notification.model.js","statementMap":{"0":{"start":{"line":1,"column":17},"end":{"line":1,"column":36}},"1":{"start":{"line":3,"column":27},"end":{"line":47,"column":1}},"2":{"start":{"line":42,"column":21},"end":{"line":42,"column":69}},"3":{"start":{"line":50,"column":0},"end":{"line":50,"column":70}},"4":{"start":{"line":52,"column":0},"end":{"line":52,"column":68}}},"fnMap":{"0":{"name":"(anonymous_0)","decl":{"start":{"line":42,"column":15},"end":{"line":42,"column":16}},"loc":{"start":{"line":42,"column":21},"end":{"line":42,"column":69}},"line":42}},"branchMap":{},"s":{"0":2,"1":2,"2":0,"3":2,"4":2},"f":{"0":0},"b":{},"_coverageSchema":"1a1c01bbd47fc00a2c39e90264f33305004495a9","hash":"38c7bfea808a8668b49ceea6d983fbaf148c085f"}
,"C:\\Users\\Gokul N\\Downloads\\job-portal\\JOBTOY\\backend\\models\\User.model.js": {"path":"C:\\Users\\Gokul N\\Downloads\\job-portal\\JOBTOY\\backend\\models\\User.model.js","statementMap":{"0":{"start":{"line":1,"column":17},"end":{"line":1,"column":36}},"1":{"start":{"line":2,"column":15},"end":{"line":2,"column":34}},"2":{"start":{"line":4,"column":19},"end":{"line":72,"column":1}},"3":{"start":{"line":75,"column":0},"end":{"line":85,"column":3}},"4":{"start":{"line":76,"column":2},"end":{"line":76,"column":50}},"5":{"start":{"line":76,"column":36},"end":{"line":76,"column":50}},"6":{"start":{"line":78,"column":2},"end":{"line":84,"column":3}},"7":{"start":{"line":79,"column":17},"end":{"line":79,"column":41}},"8":{"start":{"line":80,"column":4},"end":{"line":80,"column":59}},"9":{"start":{"line":81,"column":4},"end":{"line":81,"column":11}},"10":{"start":{"line":83,"column":4},"end":{"line":83,"column":16}},"11":{"start":{"line":88,"column":0},"end":{"line":90,"column":2}},"12":{"start":{"line":89,"column":2},"end":{"line":89,"column":62}},"13":{"start":{"line":93,"column":0},"end":{"line":98,"column":2}},"14":{"start":{"line":94,"column":15},"end":{"line":94,"column":30}},"15":{"start":{"line":95,"column":2},"end":{"line":95,"column":23}},"16":{"start":{"line":96,"column":2},"end":{"line":96,"column":32}},"17":{"start":{"line":97,"column":2},"end":{"line":97,"column":14}},"18":{"start":{"line":100,"column":0},"end":{"line":100,"column":52}}},"fnMap":{"0":{"name":"(anonymous_0)","decl":{"start":{"line":75,"column":23},"end":{"line":75,"column":24}},"loc":{"start":{"line":75,"column":45},"end":{"line":85,"column":1}},"line":75},"1":{"name":"(anonymous_1)","decl":{"start":{"line":88,"column":37},"end":{"line":88,"column":38}},"loc":{"start":{"line":88,"column":70},"end":{"line":90,"column":1}},"line":88},"2":{"name":"(anonymous_2)","decl":{"start":{"line":93,"column":28},"end":{"line":93,"column":29}},"loc":{"start":{"line":93,"column":40},"end":{"line":98,"column":1}},"line":93}},"branchMap":{"0":{"loc":{"start":{"line":76,"column":2},"end":{"line":76,"column":50}},"type":"if","locations":[{"start":{"line":76,"column":2},"end":{"line":76,"column":50}},{"start":{},"end":{}}],"line":76}},"s":{"0":2,"1":2,"2":2,"3":2,"4":0,"5":0,"6":0,"7":0,"8":0,"9":0,"10":0,"11":2,"12":0,"13":2,"14":0,"15":0,"16":0,"17":0,"18":2},"f":{"0":0,"1":0,"2":0},"b":{"0":[0,0]},"_coverageSchema":"1a1c01bbd47fc00a2c39e90264f33305004495a9","hash":"9d53feff5d8616acfb1830a4aec9115b91fe91c1"}
,"C:\\Users\\Gokul N\\Downloads\\job-portal\\JOBTOY\\backend\\models\\savedjob.model.js": {"path":"C:\\Users\\Gokul N\\Downloads\\job-portal\\JOBTOY\\backend\\models\\savedjob.model.js","statementMap":{"0":{"start":{"line":1,"column":17},"end":{"line":1,"column":36}},"1":{"start":{"line":3,"column":23},"end":{"line":19,"column":1}},"2":{"start":{"line":22,"column":0},"end":{"line":22,"column":64}},"3":{"start":{"line":24,"column":0},"end":{"line":24,"column":88}}},"fnMap":{},"branchMap":{"0":{"loc":{"start":{"line":24,"column":17},"end":{"line":24,"column":87}},"type":"binary-expr","locations":[{"start":{"line":24,"column":17},"end":{"line":24,"column":41}},{"start":{"line":24,"column":45},"end":{"line":24,"column":87}}],"line":24}},"s":{"0":4,"1":4,"2":4,"3":4},"f":{},"b":{"0":[4,2]},"_coverageSchema":"1a1c01bbd47fc00a2c39e90264f33305004495a9","hash":"565c6a03305f07910fe5af4b4e2d8d296a5f4090"}
,"C:\\Users\\Gokul N\\Downloads\\job-portal\\JOBTOY\\backend\\routes\\admin.routes.js": {"path":"C:\\Users\\Gokul N\\Downloads\\job-portal\\JOBTOY\\backend\\routes\\admin.routes.js","statementMap":{"0":{"start":{"line":1,"column":16},"end":{"line":1,"column":34}},"1":{"start":{"line":2,"column":15},"end":{"line":2,"column":31}},"2":{"start":{"line":3,"column":51},"end":{"line":3,"column":93}},"3":{"start":{"line":4,"column":32},"end":{"line":4,"column":72}},"4":{"start":{"line":6,"column":0},"end":{"line":6,"column":41}},"5":{"start":{"line":8,"column":0},"end":{"line":8,"column":40}},"6":{"start":{"line":9,"column":0},"end":{"line":9,"column":40}},"7":{"start":{"line":10,"column":0},"end":{"line":10,"column":39}},"8":{"start":{"line":11,"column":0},"end":{"line":11,"column":41}},"9":{"start":{"line":13,"column":0},"end":{"line":13,"column":24}}},"fnMap":{},"branchMap":{},"s":{"0":2,"1":2,"2":2,"3":2,"4":2,"5":2,"6":2,"7":2,"8":2,"9":2},"f":{},"b":{},"_coverageSchema":"1a1c01bbd47fc00a2c39e90264f33305004495a9","hash":"fcea55f05929a2fbac90e2d3d6aee9a9d7c29577"}
,"C:\\Users\\Gokul N\\Downloads\\job-portal\\JOBTOY\\backend\\routes\\application.routes.js": {"path":"C:\\Users\\Gokul N\\Downloads\\job-portal\\JOBTOY\\backend\\routes\\application.routes.js","statementMap":{"0":{"start":{"line":1,"column":16},"end":{"line":1,"column":34}},"1":{"start":{"line":2,"column":15},"end":{"line":2,"column":31}},"2":{"start":{"line":3,"column":69},"end":{"line":3,"column":117}},"3":{"start":{"line":4,"column":32},"end":{"line":4,"column":72}},"4":{"start":{"line":5,"column":19},"end":{"line":5,"column":50}},"5":{"start":{"line":7,"column":0},"end":{"line":7,"column":99}},"6":{"start":{"line":8,"column":0},"end":{"line":8,"column":86}},"7":{"start":{"line":9,"column":0},"end":{"line":9,"column":84}},"8":{"start":{"line":10,"column":0},"end":{"line":10,"column":80}},"9":{"start":{"line":12,"column":0},"end":{"line":12,"column":24}}},"fnMap":{},"branchMap":{},"s":{"0":2,"1":2,"2":2,"3":2,"4":2,"5":2,"6":2,"7":2,"8":2,"9":2},"f":{},"b":{},"_coverageSchema":"1a1c01bbd47fc00a2c39e90264f33305004495a9","hash":"c03d0a9a68efb56854b54e547d982e46e604b04a"}
,"C:\\Users\\Gokul N\\Downloads\\job-portal\\JOBTOY\\backend\\routes\\auth.routes.js": {"path":"C:\\Users\\Gokul N\\Downloads\\job-portal\\JOBTOY\\backend\\routes\\auth.routes.js","statementMap":{"0":{"start":{"line":1,"column":16},"end":{"line":1,"column":34}},"1":{"start":{"line":2,"column":17},"end":{"line":2,"column":45}},"2":{"start":{"line":3,"column":25},"end":{"line":3,"column":60}},"3":{"start":{"line":4,"column":27},"end":{"line":4,"column":67}},"4":{"start":{"line":5,"column":13},"end":{"line":5,"column":44}},"5":{"start":{"line":6,"column":12},"end":{"line":6,"column":35}},"6":{"start":{"line":7,"column":15},"end":{"line":7,"column":42}},"7":{"start":{"line":9,"column":15},"end":{"line":9,"column":31}},"8":{"start":{"line":12,"column":22},"end":{"line":18,"column":1}},"9":{"start":{"line":13,"column":2},"end":{"line":17,"column":4}},"10":{"start":{"line":21,"column":0},"end":{"line":76,"column":2}},"11":{"start":{"line":38,"column":4},"end":{"line":74,"column":5}},"12":{"start":{"line":39,"column":50},"end":{"line":39,"column":58}},"13":{"start":{"line":42,"column":27},"end":{"line":42,"column":56}},"14":{"start":{"line":43,"column":6},"end":{"line":49,"column":7}},"15":{"start":{"line":44,"column":8},"end":{"line":48,"column":11}},"16":{"start":{"line":52,"column":19},"end":{"line":57,"column":8}},"17":{"start":{"line":59,"column":6},"end":{"line":59,"column":24}},"18":{"start":{"line":61,"column":20},"end":{"line":61,"column":39}},"19":{"start":{"line":63,"column":6},"end":{"line":63,"column":51}},"20":{"start":{"line":65,"column":6},"end":{"line":71,"column":9}},"21":{"start":{"line":73,"column":6},"end":{"line":73,"column":18}},"22":{"start":{"line":79,"column":0},"end":{"line":127,"column":2}},"23":{"start":{"line":87,"column":4},"end":{"line":125,"column":5}},"24":{"start":{"line":88,"column":34},"end":{"line":88,"column":42}},"25":{"start":{"line":90,"column":19},"end":{"line":90,"column":68}},"26":{"start":{"line":91,"column":6},"end":{"line":97,"column":7}},"27":{"start":{"line":92,"column":8},"end":{"line":96,"column":11}},"28":{"start":{"line":99,"column":30},"end":{"line":99,"column":66}},"29":{"start":{"line":100,"column":6},"end":{"line":106,"column":7}},"30":{"start":{"line":101,"column":8},"end":{"line":105,"column":11}},"31":{"start":{"line":109,"column":6},"end":{"line":109,"column":34}},"32":{"start":{"line":110,"column":6},"end":{"line":110,"column":24}},"33":{"start":{"line":112,"column":20},"end":{"line":112,"column":39}},"34":{"start":{"line":114,"column":6},"end":{"line":114,"column":46}},"35":{"start":{"line":116,"column":6},"end":{"line":122,"column":9}},"36":{"start":{"line":124,"column":6},"end":{"line":124,"column":18}},"37":{"start":{"line":130,"column":0},"end":{"line":136,"column":3}},"38":{"start":{"line":131,"column":2},"end":{"line":131,"column":50}},"39":{"start":{"line":132,"column":2},"end":{"line":135,"column":5}},"40":{"start":{"line":138,"column":0},"end":{"line":138,"column":24}}},"fnMap":{"0":{"name":"(anonymous_0)","decl":{"start":{"line":12,"column":22},"end":{"line":12,"column":23}},"loc":{"start":{"line":12,"column":32},"end":{"line":18,"column":1}},"line":12},"1":{"name":"(anonymous_1)","decl":{"start":{"line":37,"column":2},"end":{"line":37,"column":3}},"loc":{"start":{"line":37,"column":28},"end":{"line":75,"column":3}},"line":37},"2":{"name":"(anonymous_2)","decl":{"start":{"line":86,"column":2},"end":{"line":86,"column":3}},"loc":{"start":{"line":86,"column":28},"end":{"line":126,"column":3}},"line":86},"3":{"name":"(anonymous_3)","decl":{"start":{"line":130,"column":39},"end":{"line":130,"column":40}},"loc":{"start":{"line":130,"column":53},"end":{"line":136,"column":1}},"line":130}},"branchMap":{"0":{"loc":{"start":{"line":43,"column":6},"end":{"line":49,"column":7}},"type":"if","locations":[{"start":{"line":43,"column":6},"end":{"line":49,"column":7}},{"start":{},"end":{}}],"line":43},"1":{"loc":{"start":{"line":91,"column":6},"end":{"line":97,"column":7}},"type":"if","locations":[{"start":{"line":91,"column":6},"end":{"line":97,"column":7}},{"start":{},"end":{}}],"line":91},"2":{"loc":{"start":{"line":100,"column":6},"end":{"line":106,"column":7}},"type":"if","locations":[{"start":{"line":100,"column":6},"end":{"line":106,"column":7}},{"start":{},"end":{}}],"line":100}},"s":{"0":2,"1":2,"2":2,"3":2,"4":2,"5":2,"6":2,"7":2,"8":2,"9":0,"10":2,"11":0,"12":0,"13":0,"14":0,"15":0,"16":0,"17":0,"18":0,"19":0,"20":0,"21":0,"22":2,"23":0,"24":0,"25":0,"26":0,"27":0,"28":0,"29":0,"30":0,"31":0,"32":0,"33":0,"34":0,"35":0,"36":0,"37":2,"38":0,"39":0,"40":2},"f":{"0":0,"1":0,"2":0,"3":0},"b":{"0":[0,0],"1":[0,0],"2":[0,0]},"_coverageSchema":"1a1c01bbd47fc00a2c39e90264f33305004495a9","hash":"302114a21208165ffc55781e58706aa3307d694a"}
[...]
rt":{"line":158,"column":4},"end":{"line":158,"column":37}},"74":{"start":{"line":158,"column":27},"end":{"line":158,"column":37}},"75":{"start":{"line":159,"column":4},"end":{"line":196,"column":5}},"76":{"start":{"line":160,"column":18},"end":{"line":160,"column":43}},"77":{"start":{"line":161,"column":6},"end":{"line":161,"column":26}},"78":{"start":{"line":161,"column":16},"end":{"line":161,"column":26}},"79":{"start":{"line":163,"column":26},"end":{"line":169,"column":35}},"80":{"start":{"line":171,"column":29},"end":{"line":171,"column":70}},"81":{"start":{"line":172,"column":6},"end":{"line":172,"column":37}},"82":{"start":{"line":172,"column":27},"end":{"line":172,"column":37}},"83":{"start":{"line":174,"column":28},"end":{"line":178,"column":8}},"84":{"start":{"line":181,"column":22},"end":{"line":181,"column":58}},"85":{"start":{"line":181,"column":53},"end":{"line":181,"column":57}},"86":{"start":{"line":182,"column":25},"end":{"line":182,"column":113}},"87":{"start":{"line":185,"column":31},"end":{"line":190,"column":32}},"88":{"start":{"line":187,"column":28},"end":{"line":187,"column":79}},"89":{"start":{"line":187,"column":49},"end":{"line":187,"column":78}},"90":{"start":{"line":188,"column":10},"end":{"line":188,"column":78}},"91":{"start":{"line":190,"column":21},"end":{"line":190,"column":31}},"92":{"start":{"line":192,"column":6},"end":{"line":192,"column":30}},"93":{"start":{"line":194,"column":6},"end":{"line":194,"column":72}},"94":{"start":{"line":195,"column":6},"end":{"line":195,"column":16}},"95":{"start":{"line":200,"column":0},"end":{"line":200,"column":33}}},"fnMap":{"0":{"name":"(anonymous_0)","decl":{"start":{"line":8,"column":2},"end":{"line":8,"column":3}},"loc":{"start":{"line":8,"column":16},"end":{"line":25,"column":3}},"line":8},"1":{"name":"(anonymous_1)","decl":{"start":{"line":27,"column":2},"end":{"line":27,"column":3}},"loc":{"start":{"line":27,"column":32},"end":{"line":40,"column":3}},"line":27},"2":{"name":"(anonymous_2)","decl":{"start":{"line":42,"column":2},"end":{"line":42,"column":3}},"loc":{"start":{"line":42,"column":23},"end":{"line":74,"column":3}},"line":42},"3":{"name":"(anonymous_3)","decl":{"start":{"line":76,"column":2},"end":{"line":76,"column":3}},"loc":{"start":{"line":76,"column":30},"end":{"line":109,"column":3}},"line":76},"4":{"name":"(anonymous_4)","decl":{"start":{"line":80,"column":47},"end":{"line":80,"column":48}},"loc":{"start":{"line":80,"column":52},"end":{"line":80,"column":63}},"line":80},"5":{"name":"(anonymous_5)","decl":{"start":{"line":111,"column":2},"end":{"line":111,"column":3}},"loc":{"start":{"line":111,"column":38},"end":{"line":155,"column":3}},"line":111},"6":{"name":"(anonymous_6)","decl":{"start":{"line":118,"column":47},"end":{"line":118,"column":48}},"loc":{"start":{"line":118,"column":52},"end":{"line":118,"column":63}},"line":118},"7":{"name":"(anonymous_7)","decl":{"start":{"line":137,"column":47},"end":{"line":137,"column":48}},"loc":{"start":{"line":137,"column":52},"end":{"line":137,"column":56}},"line":137},"8":{"name":"(anonymous_8)","decl":{"start":{"line":144,"column":13},"end":{"line":144,"column":14}},"loc":{"start":{"line":144,"column":22},"end":{"line":147,"column":9}},"line":144},"9":{"name":"(anonymous_9)","decl":{"start":{"line":145,"column":32},"end":{"line":145,"column":33}},"loc":{"start":{"line":145,"column":37},"end":{"line":145,"column":66}},"line":145},"10":{"name":"(anonymous_10)","decl":{"start":{"line":148,"column":16},"end":{"line":148,"column":17}},"loc":{"start":{"line":148,"column":21},"end":{"line":148,"column":31}},"line":148},"11":{"name":"(anonymous_11)","decl":{"start":{"line":157,"column":2},"end":{"line":157,"column":3}},"loc":{"start":{"line":157,"column":37},"end":{"line":197,"column":3}},"line":157},"12":{"name":"(anonymous_12)","decl":{"start":{"line":181,"column":48},"end":{"line":181,"column":49}},"loc":{"start":{"line":181,"column":53},"end":{"line":181,"column":57}},"line":181},"13":{"name":"(anonymous_13)","decl":{"start":{"line":186,"column":13},"end":{"line":186,"column":14}},"loc":{"start":{"line":186,"column":22},"end":{"line":189,"column":9}},"line":186},"14":{"name":"(anonymous_14)","decl":{"start":{"line":187,"column":44},"end":{"line":187,"column":45}},"loc":{"start":{"line":187,"column":49},"end":{"line":187,"column":78}},"line":187},"15":{"name":"(anonymous_15)","decl":{"start":{"line":190,"column":16},"end":{"line":190,"column":17}},"loc":{"start":{"line":190,"column":21},"end":{"line":190,"column":31}},"line":190}},"branchMap":{"0":{"loc":{"start":{"line":11,"column":4},"end":{"line":14,"column":5}},"type":"if","locations":[{"start":{"line":11,"column":4},"end":{"line":14,"column":5}},{"start":{},"end":{}}],"line":11},"1":{"loc":{"start":{"line":11,"column":8},"end":{"line":11,"column":104}},"type":"binary-expr","locations":[{"start":{"line":11,"column":8},"end":{"line":11,"column":35}},{"start":{"line":11,"column":39},"end":{"line":11,"column":68}},{"start":{"line":11,"column":72},"end":{"line":11,"column":104}}],"line":11},"2":{"loc":{"start":{"line":28,"column":4},"end":{"line":28,"column":39}},"type":"if","locations":[{"start":{"line":28,"column":4},"end":{"line":28,"column":39}},{"start":{},"end":{}}],"line":28},"3":{"loc":{"start":{"line":43,"column":4},"end":{"line":43,"column":34}},"type":"if","locations":[{"start":{"line":43,"column":4},"end":{"line":43,"column":34}},{"start":{},"end":{}}],"line":43},"4":{"loc":{"start":{"line":58,"column":6},"end":{"line":58,"column":29}},"type":"if","locations":[{"start":{"line":58,"column":6},"end":{"line":58,"column":29}},{"start":{},"end":{}}],"line":58},"5":{"loc":{"start":{"line":77,"column":4},"end":{"line":77,"column":34}},"type":"if","locations":[{"start":{"line":77,"column":4},"end":{"line":77,"column":34}},{"start":{},"end":{}}],"line":77},"6":{"loc":{"start":{"line":79,"column":25},"end":{"line":79,"column":54}},"type":"binary-expr","locations":[{"start":{"line":79,"column":25},"end":{"line":79,"column":48}},{"start":{"line":79,"column":52},"end":{"line":79,"column":54}}],"line":79},"7":{"loc":{"start":{"line":80,"column":25},"end":{"line":80,"column":81}},"type":"binary-expr","locations":[{"start":{"line":80,"column":25},"end":{"line":80,"column":75}},{"start":{"line":80,"column":79},"end":{"line":80,"column":81}}],"line":80},"8":{"loc":{"start":{"line":83,"column":20},"end":{"line":83,"column":39}},"type":"binary-expr","locations":[{"start":{"line":83,"column":20},"end":{"line":83,"column":33}},{"start":{"line":83,"column":37},"end":{"line":83,"column":39}}],"line":83},"9":{"loc":{"start":{"line":84,"column":15},"end":{"line":84,"column":29}},"type":"binary-expr","locations":[{"start":{"line":84,"column":15},"end":{"line":84,"column":23}},{"start":{"line":84,"column":27},"end":{"line":84,"column":29}}],"line":84},"10":{"loc":{"start":{"line":86,"column":22},"end":{"line":86,"column":43}},"type":"binary-expr","locations":[{"start":{"line":86,"column":22},"end":{"line":86,"column":37}},{"start":{"line":86,"column":41},"end":{"line":86,"column":43}}],"line":86},"11":{"loc":{"start":{"line":87,"column":21},"end":{"line":87,"column":41}},"type":"binary-expr","locations":[{"start":{"line":87,"column":21},"end":{"line":87,"column":35}},{"start":{"line":87,"column":39},"end":{"line":87,"column":41}}],"line":87},"12":{"loc":{"start":{"line":91,"column":6},"end":{"line":91,"column":42}},"type":"if","locations":[{"start":{"line":91,"column":6},"end":{"line":91,"column":42}},{"start":{},"end":{}}],"line":91},"13":{"loc":{"start":{"line":94,"column":6},"end":{"line":94,"column":29}},"type":"if","locations":[{"start":{"line":94,"column":6},"end":{"line":94,"column":29}},{"start":{},"end":{}}],"line":94},"14":{"loc":{"start":{"line":101,"column":20},"end":{"line":101,"column":39}},"type":"binary-expr","locations":[{"start":{"line":101,"column":20},"end":{"line":101,"column":33}},{"start":{"line":101,"column":37},"end":{"line":101,"column":39}}],"line":101},"15":{"loc":{"start":{"line":112,"column":4},"end":{"line":112,"column":37}},"type":"if","locations":[{"start":{"line":112,"column":4},"end":{"line":112,"column":37}},{"start":{},"end":{}}],"line":112},"16":{"loc":{"start":{"line":115,"column":6},"end":{"line":115,"column":27}},"type":"if","locations":[{"start":{"line":115,"column":6},"end":{"line":115,"column":27}},{"start":{},"end":{}}],"line":115},"17":{"loc":{"start":{"line":117,"column":25},"end":{"line":117,"column":54}},"type":"binary-expr","locations":[{"start":{"line":117,"column":25},"end":{"line":117,"column":48}},{"start":{"line":117,"column":52},"end":{"line":117,"column":54}}],"line":117},"18":{"loc":{"start":{"line":118,"column":25},"end":{"line":118,"column":81}},"type":"binary-expr","locations":[{"start":{"line":118,"column":25},"end":{"line":118,"column":75}},{"start":{"line":118,"column":79},"end":{"line":118,"column":81}}],"line":118},"19":{"loc":{"start":{"line":120,"column":20},"end":{"line":120,"column":39}},"type":"binary-expr","locations":[{"start":{"line":120,"column":20},"end":{"line":120,"column":33}},{"start":{"line":120,"column":37},"end":{"line":120,"column":39}}],"line":120},"20":{"loc":{"start":{"line":121,"column":15},"end":{"line":121,"column":29}},"type":"binary-expr","locations":[{"start":{"line":121,"column":15},"end":{"line":121,"column":23}},{"start":{"line":121,"column":27},"end":{"line":121,"column":29}}],"line":121},"21":{"loc":{"start":{"line":123,"column":22},"end":{"line":123,"column":43}},"type":"binary-expr","locations":[{"start":{"line":123,"column":22},"end":{"line":123,"column":37}},{"start":{"line":123,"column":41},"end":{"line":123,"column":43}}],"line":123},"22":{"loc":{"start":{"line":127,"column":6},"end":{"line":127,"column":37}},"type":"if","locations":[{"start":{"line":127,"column":6},"end":{"line":127,"column":37}},{"start":{},"end":{}}],"line":127},"23":{"loc":{"start":{"line":146,"column":17},"end":{"line":146,"column":65}},"type":"cond-expr","locations":[{"start":{"line":146,"column":23},"end":{"line":146,"column":58}},{"start":{"line":146,"column":61},"end":{"line":146,"column":65}}],"line":146},"24":{"loc":{"start":{"line":158,"column":4},"end":{"line":158,"column":37}},"type":"if","locations":[{"start":{"line":158,"column":4},"end":{"line":158,"column":37}},{"start":{},"end":{}}],"line":158},"25":{"loc":{"start":{"line":161,"column":6},"end":{"line":161,"column":26}},"type":"if","locations":[{"start":{"line":161,"column":6},"end":{"line":161,"column":26}},{"start":{},"end":{}}],"line":161},"26":{"loc":{"start":{"line":172,"column":6},"end":{"line":172,"column":37}},"type":"if","locations":[{"start":{"line":172,"column":6},"end":{"line":172,"column":37}},{"start":{},"end":{}}],"line":172},"27":{"loc":{"start":{"line":188,"column":17},"end":{"line":188,"column":77}},"type":"cond-expr","locations":[{"start":{"line":188,"column":29},"end":{"line":188,"column":70}},{"start":{"line":188,"column":73},"end":{"line":188,"column":77}}],"line":188}},"s":{"0":2,"1":2,"2":2,"3":2,"4":2,"5":2,"6":2,"7":2,"8":2,"9":0,"10":0,"11":0,"12":0,"13":0,"14":0,"15":0,"16":0,"17":0,"18":0,"19":0,"20":0,"21":0,"22":0,"23":0,"24":0,"25":0,"26":0,"27":0,"28":0,"29":0,"30":0,"31":0,"32":0,"33":0,"34":0,"35":0,"36":0,"37":0,"38":0,"39":0,"40":0,"41":0,"42":0,"43":0,"44":0,"45":0,"46":0,"47":0,"48":0,"49":0,"50":0,"51":0,"52":0,"53":0,"54":0,"55":0,"56":0,"57":0,"58":0,"59":0,"60":0,"61":0,"62":0,"63":0,"64":0,"65":0,"66":0,"67":0,"68":0,"69":0,"70":0,"71":0,"72":0,"73":0,"74":0,"75":0,"76":0,"77":0,"78":0,"79":0,"80":0,"81":0,"82":0,"83":0,"84":0,"85":0,"86":0,"87":0,"88":0,"89":0,"90":0,"91":0,"92":0,"93":0,"94":0,"95":2},"f":{"0":2,"1":0,"2":0,"3":0,"4":0,"5":0,"6":0,"7":0,"8":0,"9":0,"10":0,"11":0,"12":0,"13":0,"14":0,"15":0},"b":{"0":[2,0],"1":[2,0,0],"2":[0,0],"3":[0,0],"4":[0,0],"5":[0,0],"6":[0,0],"7":[0,0],"8":[0,0],"9":[0,0],"10":[0,0],"11":[0,0],"12":[0,0],"13":[0,0],"14":[0,0],"15":[0,0],"16":[0,0],"17":[0,0],"18":[0,0],"19":[0,0],"20":[0,0],"21":[0,0],"22":[0,0],"23":[0,0],"24":[0,0],"25":[0,0],"26":[0,0],"27":[0,0]},"_coverageSchema":"1a1c01bbd47fc00a2c39e90264f33305004495a9","hash":"6b63808ceaaf67fa01230d3d6cd29302fac66305"}
,"C:\\Users\\Gokul N\\Downloads\\job-portal\\JOBTOY\\backend\\src\\server.js": {"path":"C:\\Users\\Gokul N\\Downloads\\job-portal\\JOBTOY\\backend\\src\\server.js","statementMap":{"0":{"start":{"line":1,"column":16},"end":{"line":1,"column":34}},"1":{"start":{"line":2,"column":13},"end":{"line":2,"column":28}},"2":{"start":{"line":3,"column":13},"end":{"line":3,"column":28}},"3":{"start":{"line":4,"column":0},"end":{"line":4,"column":71}},"4":{"start":{"line":7,"column":18},"end":{"line":7,"column":41}},"5":{"start":{"line":9,"column":12},"end":{"line":9,"column":21}},"6":{"start":{"line":11,"column":23},"end":{"line":18,"column":17}},"7":{"start":{"line":21,"column":0},"end":{"line":27,"column":4}},"8":{"start":{"line":23,"column":4},"end":{"line":23,"column":80}},"9":{"start":{"line":23,"column":52},"end":{"line":23,"column":80}},"10":{"start":{"line":24,"column":4},"end":{"line":24,"column":69}},"11":{"start":{"line":28,"column":0},"end":{"line":28,"column":24}},"12":{"start":{"line":29,"column":0},"end":{"line":29,"column":48}},"13":{"start":{"line":32,"column":19},"end":{"line":32,"column":51}},"14":{"start":{"line":33,"column":19},"end":{"line":33,"column":51}},"15":{"start":{"line":34,"column":18},"end":{"line":34,"column":49}},"16":{"start":{"line":35,"column":22},"end":{"line":35,"column":57}},"17":{"start":{"line":36,"column":26},"end":{"line":36,"column":65}},"18":{"start":{"line":37,"column":22},"end":{"line":37,"column":58}},"19":{"start":{"line":38,"column":27},"end":{"line":38,"column":68}},"20":{"start":{"line":39,"column":20},"end":{"line":39,"column":53}},"21":{"start":{"line":42,"column":0},"end":{"line":42,"column":33}},"22":{"start":{"line":43,"column":0},"end":{"line":43,"column":34}},"23":{"start":{"line":44,"column":0},"end":{"line":44,"column":32}},"24":{"start":{"line":45,"column":0},"end":{"line":45,"column":41}},"25":{"start":{"line":46,"column":0},"end":{"line":46,"column":48}},"26":{"start":{"line":47,"column":0},"end":{"line":47,"column":40}},"27":{"start":{"line":48,"column":0},"end":{"line":48,"column":50}},"28":{"start":{"line":49,"column":0},"end":{"line":49,"column":35}},"29":{"start":{"line":52,"column":0},"end":{"line":57,"column":3}},"30":{"start":{"line":53,"column":2},"end":{"line":56,"column":5}},"31":{"start":{"line":60,"column":0},"end":{"line":62,"column":3}},"32":{"start":{"line":61,"column":2},"end":{"line":61,"column":71}},"33":{"start":{"line":65,"column":0},"end":{"line":72,"column":3}},"34":{"start":{"line":66,"column":2},"end":{"line":66,"column":44}},"35":{"start":{"line":67,"column":2},"end":{"line":71,"column":5}},"36":{"start":{"line":75,"column":0},"end":{"line":77,"column":3}},"37":{"start":{"line":76,"column":2},"end":{"line":76,"column":69}},"38":{"start":{"line":80,"column":0},"end":{"line":92,"column":1}},"39":{"start":{"line":81,"column":15},"end":{"line":81,"column":39}},"40":{"start":{"line":82,"column":2},"end":{"line":91,"column":5}},"41":{"start":{"line":83,"column":4},"end":{"line":87,"column":7}},"42":{"start":{"line":84,"column":6},"end":{"line":84,"column":54}},"43":{"start":{"line":85,"column":6},"end":{"line":85,"column":78}},"44":{"start":{"line":86,"column":6},"end":{"line":86,"column":49}},"45":{"start":{"line":89,"column":4},"end":{"line":89,"column":74}},"46":{"start":{"line":90,"column":4},"end":{"line":90,"column":20}},"47":{"start":{"line":94,"column":0},"end":{"line":94,"column":21}}},"fnMap":{"0":{"name":"(anonymous_0)","decl":{"start":{"line":22,"column":10},"end":{"line":22,"column":11}},"loc":{"start":{"line":22,"column":32},"end":{"line":25,"column":3}},"line":22},"1":{"name":"(anonymous_1)","decl":{"start":{"line":52,"column":13},"end":{"line":52,"column":14}},"loc":{"start":{"line":52,"column":27},"end":{"line":57,"column":1}},"line":52},"2":{"name":"(anonymous_2)","decl":{"start":{"line":60,"column":23},"end":{"line":60,"column":24}},"loc":{"start":{"line":60,"column":37},"end":{"line":62,"column":1}},"line":60},"3":{"name":"(anonymous_3)","decl":{"start":{"line":65,"column":8},"end":{"line":65,"column":9}},"loc":{"start":{"line":65,"column":33},"end":{"line":72,"column":1}},"line":65},"4":{"name":"(anonymous_4)","decl":{"start":{"line":75,"column":8},"end":{"line":75,"column":9}},"loc":{"start":{"line":75,"column":22},"end":{"line":77,"column":1}},"line":75},"5":{"name":"(anonymous_5)","decl":{"start":{"line":82,"column":19},"end":{"line":82,"column":20}},"loc":{"start":{"line":82,"column":25},"end":{"line":88,"column":3}},"line":82},"6":{"name":"(anonymous_6)","decl":{"start":{"line":83,"column":21},"end":{"line":83,"column":22}},"loc":{"start":{"line":83,"column":27},"end":{"line":87,"column":5}},"line":83},"7":{"name":"(anonymous_7)","decl":{"start":{"line":88,"column":11},"end":{"line":88,"column":12}},"loc":{"start":{"line":88,"column":18},"end":{"line":91,"column":3}},"line":88}},"branchMap":{"0":{"loc":{"start":{"line":23,"column":4},"end":{"line":23,"column":80}},"type":"if","locations":[{"start":{"line":23,"column":4},"end":{"line":23,"column":80}},{"start":{},"end":{}}],"line":23},"1":{"loc":{"start":{"line":23,"column":8},"end":{"line":23,"column":50}},"type":"binary-expr","locations":[{"start":{"line":23,"column":8},"end":{"line":23,"column":15}},{"start":{"line":23,"column":19},"end":{"line":23,"column":50}}],"line":23},"2":{"loc":{"start":{"line":80,"column":0},"end":{"line":92,"column":1}},"type":"if","locations":[{"start":{"line":80,"column":0},"end":{"line":92,"column":1}},{"start":{},"end":{}}],"line":80},"3":{"loc":{"start":{"line":81,"column":15},"end":{"line":81,"column":39}},"type":"binary-expr","locations":[{"start":{"line":81,"column":15},"end":{"line":81,"column":31}},{"start":{"line":81,"column":35},"end":{"line":81,"column":39}}],"line":81},"4":{"loc":{"start":{"line":85,"column":37},"end":{"line":85,"column":74}},"type":"binary-expr","locations":[{"start":{"line":85,"column":37},"end":{"line":85,"column":57}},{"start":{"line":85,"column":61},"end":{"line":85,"column":74}}],"line":85}},"s":{"0":2,"1":2,"2":2,"3":2,"4":2,"5":2,"6":2,"7":2,"8":0,"9":0,"10":0,"11":2,"12":2,"13":2,"14":2,"15":2,"16":2,"17":2,"18":2,"19":2,"20":2,"21":2,"22":2,"23":2,"24":2,"25":2,"26":2,"27":2,"28":2,"29":2,"30":0,"31":2,"32":0,"33":2,"34":0,"35":0,"36":2,"37":0,"38":2,"39":0,"40":0,"41":0,"42":0,"43":0,"44":0,"45":0,"46":0,"47":2},"f":{"0":0,"1":0,"2":0,"3":0,"4":0,"5":0,"6":0,"7":0},"b":{"0":[0,0],"1":[0,0],"2":[0,2],"3":[0,0],"4":[0,0]},"_coverageSchema":"1a1c01bbd47fc00a2c39e90264f33305004495a9","hash":"1858a241cff10d68ed89c44de195871c562cef21"}
,"C:\\Users\\Gokul N\\Downloads\\job-portal\\JOBTOY\\backend\\utils\\email.util.js": {"path":"C:\\Users\\Gokul N\\Downloads\\job-portal\\JOBTOY\\backend\\utils\\email.util.js","statementMap":{"0":{"start":{"line":1,"column":19},"end":{"line":1,"column":40}},"1":{"start":{"line":3,"column":20},"end":{"line":10,"column":2}},"2":{"start":{"line":15,"column":29},"end":{"line":30,"column":1}},"3":{"start":{"line":16,"column":2},"end":{"line":29,"column":5}},"4":{"start":{"line":35,"column":30},"end":{"line":48,"column":1}},"5":{"start":{"line":36,"column":2},"end":{"line":47,"column":5}},"6":{"start":{"line":50,"column":0},"end":{"line":50,"column":65}}},"fnMap":{"0":{"name":"(anonymous_0)","decl":{"start":{"line":15,"column":29},"end":{"line":15,"column":30}},"loc":{"start":{"line":15,"column":94},"end":{"line":30,"column":1}},"line":15},"1":{"name":"(anonymous_1)","decl":{"start":{"line":35,"column":30},"end":{"line":35,"column":31}},"loc":{"start":{"line":35,"column":78},"end":{"line":48,"column":1}},"line":35}},"branchMap":{},"s":{"0":2,"1":2,"2":2,"3":0,"4":2,"5":0,"6":2},"f":{"0":0,"1":0},"b":{},"_coverageSchema":"1a1c01bbd47fc00a2c39e90264f33305004495a9","hash":"6ef1ac834d421bad85953f959c98a9dbb5ceb9e4"}
}
