TN:
SF:config\cloudinary.js
FN:23,(anonymous_0)
FNF:1
FNH:0
FNDA:0,(anonymous_0)
DA:1,2
DA:2,2
DA:3,2
DA:5,2
DA:11,2
DA:20,2
DA:24,0
DA:25,0
DA:29,2
LF:9
LH:7
BRDA:24,0,0,0
BRDA:24,0,1,0
BRF:2
BRH:0
end_of_record
TN:
SF:config\db.js
FN:3,(anonymous_0)
FNF:1
FNH:1
FNDA:2,(anonymous_0)
DA:1,2
DA:3,2
DA:4,2
DA:5,2
DA:6,2
DA:8,0
DA:9,0
DA:13,2
LF:8
LH:6
BRF:0
BRH:0
end_of_record
TN:
SF:config\logger.js
FNF:0
FNH:0
DA:1,2
DA:3,2
DA:15,2
LF:3
LH:3
BRDA:4,0,0,2
BRDA:4,0,1,2
BRF:2
BRH:2
end_of_record
TN:
SF:config\redis.js
FN:6,(anonymous_0)
FN:12,(anonymous_1)
FN:13,(anonymous_2)
FN:23,(anonymous_3)
FNF:4
FNH:0
FNDA:0,(anonymous_0)
FNDA:0,(anonymous_1)
FNDA:0,(anonymous_2)
FNDA:0,(anonymous_3)
DA:1,2
DA:2,2
DA:4,2
DA:6,2
DA:7,0
DA:8,0
DA:12,0
DA:13,0
DA:15,0
DA:16,0
DA:18,0
DA:19,0
DA:23,2
DA:25,2
LF:14
LH:6
BRDA:9,0,0,0
BRDA:9,0,1,0
BRF:2
BRH:0
end_of_record
TN:
SF:controllers\admin.controller.js
FN:5,(anonymous_0)
FN:16,(anonymous_1)
FN:23,(anonymous_2)
FN:33,(anonymous_3)
FNF:4
FNH:0
FNDA:0,(anonymous_0)
FNDA:0,(anonymous_1)
FNDA:0,(anonymous_2)
FNDA:0,(anonymous_3)
DA:1,2
DA:2,2
DA:3,2
DA:5,2
DA:6,0
DA:7,0
DA:12,0
DA:13,0
DA:16,2
DA:17,0
DA:18,0
DA:19,0
DA:20,0
DA:23,2
DA:24,0
DA:25,0
DA:26,0
DA:27,0
DA:28,0
DA:29,0
DA:30,0
DA:33,2
DA:34,0
DA:35,0
DA:36,0
DA:37,0
LF:26
LH:7
BRDA:26,0,0,0
BRDA:26,0,1,0
BRF:2
BRH:0
end_of_record
TN:
SF:controllers\application.controller.js
FN:6,(anonymous_0)
FN:14,(anonymous_1)
FN:46,(anonymous_2)
FN:57,(anonymous_3)
FN:66,(anonymous_4)
FN:75,(anonymous_5)
FN:87,(anonymous_6)
FNF:7
FNH:0
FNDA:0,(anonymous_0)
FNDA:0,(anonymous_1)
FNDA:0,(anonymous_2)
FNDA:0,(anonymous_3)
FNDA:0,(anonymous_4)
FNDA:0,(anonymous_5)
FNDA:0,(anonymous_6)
DA:1,2
DA:2,2
DA:3,2
DA:4,2
DA:6,2
DA:7,0
DA:8,0
DA:11,0
DA:12,0
DA:13,0
DA:14,0
DA:15,0
DA:18,0
DA:19,0
DA:22,0
DA:23,0
DA:24,0
DA:27,0
DA:36,0
DA:39,0
DA:40,0
DA:41,0
DA:46,0
DA:49,0
DA:51,0
DA:52,0
DA:53,0
DA:57,2
DA:58,0
DA:59,0
DA:62,0
DA:63,0
DA:66,2
DA:67,0
DA:68,0
DA:71,0
DA:72,0
DA:75,2
DA:76,0
DA:77,0
DA:83,0
DA:87,0
DA:89,0
DA:90,0
LF:44
LH:8
BRDA:12,0,0,0
BRDA:12,0,1,0
BRDA:18,1,0,0
BRDA:18,1,1,0
BRDA:23,2,0,0
BRDA:23,2,1,0
BRDA:40,3,0,0
BRDA:40,3,1,0
BRDA:51,4,0,0
BRDA:51,4,1,0
BRF:10
BRH:0
end_of_record
TN:
SF:controllers\job.controller.js
FN:18,(anonymous_0)
FN:20,(anonymous_1)
FN:22,(anonymous_2)
FN:28,(anonymous_3)
FN:35,(anonymous_4)
FN:58,(anonymous_5)
FN:131,(anonymous_6)
FN:172,(anonymous_7)
FN:206,(anonymous_8)
FN:223,(anonymous_9)
FN:234,(anonymous_10)
FN:244,(anonymous_11)
FN:252,(anonymous_12)
FN:267,(anonymous_13)
FN:275,(anonymous_14)
FN:291,(anonymous_15)
FN:313,(anonymous_16)
FN:326,(anonymous_17)
FN:338,(anonymous_18)
FN:338,(anonymous_19)
FN:348,(anonymous_20)
FN:357,(anonymous_21)
FNF:22
FNH:7
FNDA:0,(anonymous_0)
FNDA:0,(anonymous_1)
FNDA:1,(anonymous_2)
FNDA:1,(anonymous_3)
FNDA:1,(anonymous_4)
FNDA:1,(anonymous_5)
FNDA:1,(anonymous_6)
FNDA:0,(anonymous_7)
FNDA:1,(anonymous_8)
FNDA:1,(anonymous_9)
FNDA:0,(anonymous_10)
FNDA:0,(anonymous_11)
FNDA:0,(anonymous_12)
FNDA:0,(anonymous_13)
FNDA:0,(anonymous_14)
FNDA:0,(anonymous_15)
FNDA:0,(anonymous_16)
FNDA:0,(anonymous_17)
FNDA:0,(anonymous_18)
FNDA:0,(anonymous_19)
FNDA:0,(anonymous_20)
FNDA:0,(anonymous_21)
DA:1,2
DA:2,2
DA:3,2
DA:4,2
DA:5,2
DA:6,2
DA:8,2
DA:18,2
DA:20,2
DA:22,2
DA:23,1
DA:24,0
DA:25,0
DA:28,2
DA:29,1
DA:30,1
DA:31,1
DA:32,1
DA:35,2
DA:36,1
DA:37,1
DA:44,1
DA:46,1
DA:58,2
DA:74,1
DA:76,1
DA:77,1
DA:78,0
DA:80,1
DA:83,1
DA:84,1
DA:85,1
DA:88,1
DA:89,0
DA:90,0
DA:96,1
DA:97,1
DA:98,1
DA:99,1
DA:100,0
DA:101,0
DA:113,1
DA:114,1
DA:115,1
DA:116,0
DA:117,0
DA:118,0
DA:121,1
DA:122,0
DA:123,0
DA:124,0
DA:125,0
DA:128,1
DA:131,2
DA:132,1
DA:133,1
DA:134,1
DA:135,1
DA:136,1
DA:137,1
DA:139,1
DA:148,1
DA:150,1
DA:168,0
DA:172,2
DA:173,0
DA:174,0
DA:178,0
DA:180,0
DA:182,0
DA:195,0
DA:202,0
DA:206,2
DA:207,1
DA:208,1
DA:216,1
DA:223,1
DA:230,0
DA:234,2
DA:235,0
DA:236,0
DA:237,0
DA:244,0
DA:246,0
DA:248,0
DA:252,2
DA:253,0
DA:254,0
DA:255,0
DA:259,0
DA:265,0
DA:267,0
DA:269,0
DA:271,0
DA:275,2
DA:276,0
DA:277,0
DA:278,0
DA:284,0
DA:285,0
DA:287,0
DA:291,2
DA:292,0
DA:293,0
DA:294,0
DA:296,0
DA:297,0
DA:300,0
DA:306,0
DA:307,0
DA:309,0
DA:313,2
DA:314,0
DA:315,0
DA:316,0
DA:318,0
DA:319,0
DA:320,0
DA:322,0
DA:326,2
DA:327,0
DA:328,0
DA:329,0
DA:336,0
DA:338,0
DA:344,0
DA:348,2
DA:349,0
DA:350,0
DA:351,0
DA:353,0
DA:357,2
DA:358,0
DA:359,0
DA:360,0
DA:362,0
LF:136
LH:63
BRDA:18,0,0,0
BRDA:20,1,0,0
BRDA:20,1,1,0
BRDA:23,2,0,1
BRDA:23,2,1,0
BRDA:25,3,0,0
BRDA:25,3,1,0
BRDA:28,4,0,0
BRDA:29,5,0,1
BRDA:29,5,1,0
BRDA:30,6,0,0
BRDA:30,6,1,1
BRDA:31,7,0,0
BRDA:31,7,1,1
BRDA:36,8,0,1
BRDA:36,8,1,0
BRDA:37,9,0,1
BRDA:37,9,1,0
BRDA:37,10,0,1
BRDA:37,10,1,1
BRDA:40,11,0,1
BRDA:40,11,1,1
BRDA:41,12,0,1
BRDA:41,12,1,1
BRDA:44,13,0,1
BRDA:44,13,1,1
BRDA:49,14,0,1
BRDA:49,14,1,0
BRDA:49,14,2,0
BRDA:50,15,0,1
BRDA:50,15,1,1
BRDA:50,16,0,1
BRDA:50,16,1,0
BRDA:51,17,0,1
BRDA:51,17,1,1
BRDA:53,18,0,1
BRDA:53,18,1,1
BRDA:54,19,0,1
BRDA:54,19,1,0
BRDA:77,20,0,0
BRDA:77,20,1,1
BRDA:83,21,0,1
BRDA:83,21,1,0
BRDA:84,22,0,1
BRDA:84,22,1,0
BRDA:88,23,0,0
BRDA:88,23,1,1
BRDA:96,24,0,1
BRDA:96,24,1,1
BRDA:97,25,0,0
BRDA:97,25,1,1
BRDA:98,26,0,0
BRDA:98,26,1,1
BRDA:99,27,0,0
BRDA:99,27,1,1
BRDA:102,28,0,0
BRDA:102,28,1,0
BRDA:113,29,0,1
BRDA:113,29,1,1
BRDA:114,30,0,1
BRDA:114,30,1,1
BRDA:115,31,0,0
BRDA:115,31,1,1
BRDA:115,32,0,1
BRDA:115,32,1,1
BRDA:116,33,0,0
BRDA:116,33,1,0
BRDA:117,34,0,0
BRDA:117,34,1,0
BRDA:118,35,0,0
BRDA:118,35,1,0
BRDA:121,36,0,0
BRDA:121,36,1,1
BRDA:121,37,0,1
BRDA:121,37,1,1
BRDA:123,38,0,0
BRDA:123,38,1,0
BRDA:124,39,0,0
BRDA:124,39,1,0
BRDA:125,40,0,0
BRDA:125,40,1,0
BRDA:125,41,0,0
BRDA:125,41,1,0
BRDA:133,42,0,1
BRDA:133,42,1,1
BRDA:134,43,0,1
BRDA:134,43,1,0
BRDA:136,44,0,1
BRDA:136,44,1,1
BRDA:162,45,0,1
BRDA:162,45,1,0
BRDA:162,45,2,0
BRDA:163,46,0,1
BRDA:163,46,1,1
BRDA:164,47,0,1
BRDA:164,47,1,1
BRDA:164,47,2,1
BRDA:178,48,0,0
BRDA:178,48,1,0
BRDA:187,49,0,0
BRDA:187,49,1,0
BRDA:239,50,0,0
BRDA:239,50,1,0
BRDA:241,51,0,0
BRDA:241,51,1,0
BRDA:257,52,0,0
BRDA:257,52,1,0
BRDA:257,53,0,0
BRDA:257,53,1,0
BRDA:257,54,0,0
BRDA:257,54,1,0
BRDA:265,55,0,0
BRDA:265,55,1,0
BRDA:284,56,0,0
BRDA:284,56,1,0
BRDA:296,57,0,0
BRDA:296,57,1,0
BRF:117
BRH:53
end_of_record
TN:
SF:controllers\user.controller.js
FN:6,(anonymous_0)
FN:16,(anonymous_1)
FN:25,(anonymous_2)
FN:34,(anonymous_3)
FN:52,(anonymous_4)
FN:60,(anonymous_5)
FN:69,(anonymous_6)
FN:95,(anonymous_7)
FN:100,(anonymous_8)
FN:106,(anonymous_9)
FN:119,(anonymous_10)
FN:125,(anonymous_11)
FN:132,(anonymous_12)
FN:145,(anonymous_13)
FN:165,(anonymous_14)
FNF:15
FNH:0
FNDA:0,(anonymous_0)
FNDA:0,(anonymous_1)
FNDA:0,(anonymous_2)
FNDA:0,(anonymous_3)
FNDA:0,(anonymous_4)
FNDA:0,(anonymous_5)
FNDA:0,(anonymous_6)
FNDA:0,(anonymous_7)
FNDA:0,(anonymous_8)
FNDA:0,(anonymous_9)
FNDA:0,(anonymous_10)
FNDA:0,(anonymous_11)
FNDA:0,(anonymous_12)
FNDA:0,(anonymous_13)
FNDA:0,(anonymous_14)
DA:1,2
DA:2,2
DA:3,2
DA:6,2
DA:7,0
DA:8,0
DA:9,0
DA:11,0
DA:16,2
DA:17,0
DA:18,0
DA:25,0
DA:27,0
DA:29,0
DA:34,2
DA:35,0
DA:36,0
DA:41,0
DA:42,0
DA:44,0
DA:45,0
DA:47,0
DA:52,2
DA:53,0
DA:54,0
DA:60,0
DA:62,0
DA:69,2
DA:70,0
DA:71,0
DA:72,0
DA:75,0
DA:78,0
DA:80,0
DA:86,0
DA:88,0
DA:90,0
DA:95,2
DA:96,0
DA:97,0
DA:98,0
DA:100,0
DA:101,0
DA:102,0
DA:106,0
DA:107,0
DA:110,0
DA:112,0
DA:114,0
DA:119,2
DA:120,0
DA:121,0
DA:122,0
DA:124,0
DA:125,0
DA:127,0
DA:128,0
DA:132,0
DA:133,0
DA:136,0
DA:138,0
DA:140,0
DA:145,2
DA:146,0
DA:147,0
DA:149,0
DA:150,0
DA:153,0
DA:155,0
DA:162,0
DA:165,0
DA:167,0
DA:169,0
LF:73
LH:11
BRDA:44,0,0,0
BRDA:44,0,1,0
BRDA:71,1,0,0
BRDA:71,1,1,0
BRDA:81,2,0,0
BRDA:81,2,1,0
BRDA:101,3,0,0
BRDA:101,3,1,0
BRDA:127,4,0,0
BRDA:127,4,1,0
BRDA:132,5,0,0
BRDA:132,5,1,0
BRDA:132,6,0,0
BRDA:132,6,1,0
BRDA:132,6,2,0
BRDA:149,7,0,0
BRDA:149,7,1,0
BRDA:149,8,0,0
BRDA:149,8,1,0
BRDA:149,8,2,0
BRF:20
BRH:0
end_of_record
TN:
SF:middleware\auth.middleware.js
FN:4,(anonymous_0)
FN:29,(anonymous_1)
FN:42,(anonymous_2)
FN:53,(anonymous_3)
FN:66,(anonymous_4)
FN:67,(anonymous_5)
FNF:6
FNH:1
FNDA:0,(anonymous_0)
FNDA:0,(anonymous_1)
FNDA:0,(anonymous_2)
FNDA:0,(anonymous_3)
FNDA:16,(anonymous_4)
FNDA:0,(anonymous_5)
DA:1,2
DA:2,2
DA:4,2
DA:5,0
DA:6,0
DA:8,0
DA:9,0
DA:16,0
DA:17,0
DA:18,0
DA:20,0
DA:21,0
DA:29,2
DA:30,0
DA:31,0
DA:32,0
DA:33,0
DA:34,0
DA:39,0
DA:42,2
DA:43,0
DA:44,0
DA:50,0
DA:53,2
DA:54,0
DA:55,0
DA:61,0
DA:64,2
DA:66,2
DA:67,16
DA:68,0
DA:69,0
DA:75,0
DA:79,2
LF:34
LH:10
BRDA:8,0,0,0
BRDA:8,0,1,0
BRDA:32,1,0,0
BRDA:32,1,1,0
BRDA:43,2,0,0
BRDA:43,2,1,0
BRDA:54,3,0,0
BRDA:54,3,1,0
BRDA:68,4,0,0
BRDA:68,4,1,0
BRF:10
BRH:0
end_of_record
TN:
SF:middleware\validation.js
FN:4,(anonymous_0)
FN:9,(anonymous_1)
FNF:2
FNH:1
FNDA:3,(anonymous_0)
FNDA:0,(anonymous_1)
DA:1,2
DA:2,2
DA:4,2
DA:5,3
DA:6,3
DA:7,0
DA:8,0
DA:9,0
DA:10,0
DA:13,0
DA:19,3
DA:22,2
LF:12
LH:7
BRDA:6,0,0,0
BRDA:6,0,1,3
BRF:2
BRH:1
end_of_record
TN:
SF:models\Application.model.js
FNF:0
FNH:0
DA:1,2
DA:3,2
DA:65,2
DA:69,2
DA:70,2
DA:72,2
LF:6
LH:6
BRF:0
BRH:0
end_of_record
TN:
SF:models\Company.model.js
FNF:0
FNH:0
DA:1,2
DA:3,2
DA:38,2
DA:40,2
LF:4
LH:4
BRF:0
BRH:0
end_of_record
TN:
SF:models\Job.model.js
FNF:0
FNH:0
DA:1,2
DA:3,2
DA:60,2
DA:61,2
DA:62,2
DA:63,2
DA:65,2
LF:7
LH:7
BRF:0
BRH:0
end_of_record
TN:
SF:models\Message.model.js
FNF:0
FNH:0
DA:1,2
DA:3,2
DA:64,2
DA:65,2
DA:66,2
DA:67,2
DA:69,2
LF:7
LH:7
BRF:0
BRH:0
end_of_record
TN:
SF:models\Notification.model.js
FN:42,(anonymous_0)
FNF:1
FNH:0
FNDA:0,(anonymous_0)
DA:1,2
DA:3,2
DA:42,0
DA:50,2
DA:52,2
LF:5
LH:4
BRF:0
BRH:0
end_of_record
TN:
SF:models\User.model.js
FN:75,(anonymous_0)
FN:88,(anonymous_1)
FN:93,(anonymous_2)
FNF:3
FNH:3
FNDA:3,(anonymous_0)
FNDA:1,(anonymous_1)
FNDA:4,(anonymous_2)
DA:1,2
DA:2,2
DA:4,2
DA:75,2
DA:76,3
DA:78,2
DA:79,2
DA:80,2
DA:81,2
DA:83,0
DA:88,2
DA:89,1
DA:93,2
DA:94,4
DA:95,4
DA:96,4
DA:97,4
DA:100,2
LF:18
LH:17
BRDA:76,0,0,1
BRDA:76,0,1,2
BRF:2
BRH:2
end_of_record
TN:
SF:models\savedjob.model.js
FNF:0
FNH:0
DA:1,4
DA:3,4
DA:22,4
DA:24,4
LF:4
LH:4
BRDA:24,0,0,4
BRDA:24,0,1,2
BRF:2
BRH:2
end_of_record
TN:
SF:routes\admin.routes.js
FNF:0
FNH:0
DA:1,2
DA:2,2
DA:3,2
DA:4,2
DA:6,2
DA:8,2
DA:9,2
DA:10,2
DA:11,2
DA:13,2
LF:10
LH:10
BRF:0
BRH:0
end_of_record
TN:
SF:routes\application.routes.js
FNF:0
FNH:0
DA:1,2
DA:2,2
DA:3,2
DA:4,2
DA:5,2
DA:7,2
DA:8,2
DA:9,2
DA:10,2
DA:12,2
LF:10
LH:10
BRF:0
BRH:0
end_of_record
TN:
SF:routes\auth.routes.js
FN:12,(anonymous_0)
FN:37,(anonymous_1)
FN:86,(anonymous_2)
FN:130,(anonymous_3)
FNF:4
FNH:3
FNDA:2,(anonymous_0)
FNDA:1,(anonymous_1)
FNDA:1,(anonymous_2)
FNDA:0,(anonymous_3)
DA:1,2
DA:2,2
DA:3,2
DA:4,2
DA:5,2
DA:6,2
DA:7,2
DA:9,2
DA:12,2
DA:13,2
DA:21,2
DA:38,1
DA:39,1
DA:42,1
DA:43,1
DA:44,0
DA:52,1
DA:59,1
DA:61,1
DA:63,1
DA:65,1
DA:73,0
DA:79,2
DA:87,1
DA:88,1
DA:90,1
DA:91,1
DA:92,0
DA:99,1
DA:100,1
DA:101,0
DA:109,1
DA:110,1
DA:112,1
DA:114,1
DA:116,1
DA:124,0
DA:130,2
DA:131,0
DA:132,0
DA:138,2
LF:41
LH:34
BRDA:43,0,0,0
BRDA:43,0,1,1
BRDA:91,1,0,0
BRDA:91,1,1,1
BRDA:100,2,0,0
BRDA:100,2,1,1
BRF:6
BRH:3
end_of_record
TN:
SF:routes\company.routes.js
FN:6,(anonymous_0)
FN:13,(anonymous_1)
FN:22,(anonymous_2)
FN:30,(anonymous_3)
FNF:4
FNH:0
FNDA:0,(anonymous_0)
FNDA:0,(anonymous_1)
FNDA:0,(anonymous_2)
FNDA:0,(anonymous_3)
DA:1,2
DA:2,2
DA:3,2
DA:4,2
DA:6,2
DA:7,0
DA:8,0
DA:9,0
DA:10,0
DA:13,2
DA:14,0
DA:15,0
DA:16,0
DA:17,0
DA:18,0
DA:19,0
DA:22,2
DA:23,0
DA:24,0
DA:25,0
DA:26,0
DA:27,0
DA:30,2
DA:31,0
DA:32,0
DA:37,0
DA:38,0
DA:41,2
LF:28
LH:9
BRDA:16,0,0,0
BRDA:16,0,1,0
BRDA:25,1,0,0
BRDA:25,1,1,0
BRF:4
BRH:0
end_of_record
TN:
SF:routes\job.routes.js
FNF:0
FNH:0
DA:1,2
DA:2,2
DA:3,2
DA:4,2
DA:5,2
DA:7,2
DA:9,2
DA:33,2
DA:34,2
DA:35,2
DA:37,2
DA:46,2
DA:53,2
DA:68,2
DA:77,2
DA:86,2
DA:94,2
DA:102,2
LF:18
LH:18
BRF:0
BRH:0
end_of_record
TN:
SF:routes\messages.routes.js
FN:13,(anonymous_0)
FN:18,(anonymous_1)
FN:62,(anonymous_2)
FN:89,(anonymous_3)
FN:135,(anonymous_4)
FN:199,(anonymous_5)
FN:235,(anonymous_6)
FN:267,(anonymous_7)
FNF:8
FNH:0
FNDA:0,(anonymous_0)
FNDA:0,(anonymous_1)
FNDA:0,(anonymous_2)
FNDA:0,(anonymous_3)
FNDA:0,(anonymous_4)
FNDA:0,(anonymous_5)
FNDA:0,(anonymous_6)
FNDA:0,(anonymous_7)
DA:1,2
DA:2,2
DA:3,2
DA:4,2
DA:5,2
DA:6,2
DA:7,2
DA:8,2
DA:10,2
DA:13,2
DA:14,0
DA:18,2
DA:19,0
DA:20,0
DA:22,0
DA:61,0
DA:63,0
DA:64,0
DA:65,0
DA:69,0
DA:79,0
DA:84,0
DA:89,2
DA:90,0
DA:91,0
DA:92,0
DA:93,0
DA:95,0
DA:97,0
DA:99,0
DA:106,0
DA:109,0
DA:114,0
DA:122,0
DA:127,2
DA:136,0
DA:137,0
DA:138,0
DA:141,0
DA:142,0
DA:143,0
DA:149,0
DA:151,0
DA:161,0
DA:162,0
DA:165,0
DA:166,0
DA:167,0
DA:180,0
DA:182,0
DA:188,0
DA:194,2
DA:200,0
DA:201,0
DA:202,0
DA:204,0
DA:206,0
DA:207,0
DA:213,0
DA:214,0
DA:220,0
DA:221,0
DA:223,0
DA:229,0
DA:235,2
DA:236,0
DA:237,0
DA:239,0
DA:241,0
DA:242,0
DA:248,0
DA:249,0
DA:255,0
DA:257,0
DA:262,0
DA:267,2
DA:268,0
DA:269,0
DA:274,0
DA:279,0
DA:283,2
LF:81
LH:17
BRDA:64,0,0,0
BRDA:64,0,1,0
BRDA:93,1,0,0
BRDA:93,2,0,0
BRDA:142,3,0,0
BRDA:142,3,1,0
BRDA:166,4,0,0
BRDA:166,4,1,0
BRDA:206,5,0,0
BRDA:206,5,1,0
BRDA:213,6,0,0
BRDA:213,6,1,0
BRDA:241,7,0,0
BRDA:241,7,1,0
BRDA:248,8,0,0
BRDA:248,8,1,0
BRF:16
BRH:0
end_of_record
TN:
SF:routes\notifications.routes.js
FN:21,(anonymous_0)
FN:60,(anonymous_1)
FN:85,(anonymous_2)
FN:102,(anonymous_3)
FNF:4
FNH:0
FNDA:0,(anonymous_0)
FNDA:0,(anonymous_1)
FNDA:0,(anonymous_2)
FNDA:0,(anonymous_3)
DA:1,2
DA:2,2
DA:3,2
DA:4,2
DA:5,2
DA:6,2
DA:7,2
DA:9,2
DA:12,2
DA:22,0
DA:23,0
DA:24,0
DA:26,0
DA:27,0
DA:28,0
DA:31,0
DA:33,0
DA:38,0
DA:40,0
DA:45,0
DA:54,0
DA:60,2
DA:61,0
DA:62,0
DA:68,0
DA:69,0
DA:75,0
DA:80,0
DA:85,2
DA:86,0
DA:87,0
DA:92,0
DA:97,0
DA:102,2
DA:103,0
DA:104,0
DA:106,0
DA:107,0
DA:113,0
DA:118,0
DA:122,2
LF:41
LH:13
BRDA:27,0,0,0
BRDA:27,0,1,0
BRDA:68,1,0,0
BRDA:68,1,1,0
BRDA:106,2,0,0
BRDA:106,2,1,0
BRF:6
BRH:0
end_of_record
TN:
SF:routes\user.routes.js
FNF:0
FNH:0
DA:1,2
DA:2,2
DA:3,2
DA:4,2
DA:5,2
DA:6,2
DA:8,2
DA:11,2
DA:14,2
DA:27,2
DA:30,2
DA:35,2
DA:38,2
DA:41,2
DA:44,2
DA:46,2
LF:16
LH:16
BRF:0
BRH:0
end_of_record
TN:
SF:services\ai.service.js
FN:8,(anonymous_0)
FN:27,(anonymous_1)
FN:42,(anonymous_2)
FN:76,(anonymous_3)
FN:80,(anonymous_4)
FN:111,(anonymous_5)
FN:118,(anonymous_6)
FN:137,(anonymous_7)
FN:144,(anonymous_8)
FN:145,(anonymous_9)
FN:148,(anonymous_10)
FN:157,(anonymous_11)
FN:181,(anonymous_12)
FN:186,(anonymous_13)
FN:187,(anonymous_14)
FN:190,(anonymous_15)
FNF:16
FNH:1
FNDA:2,(anonymous_0)
FNDA:0,(anonymous_1)
FNDA:0,(anonymous_2)
FNDA:0,(anonymous_3)
FNDA:0,(anonymous_4)
FNDA:0,(anonymous_5)
FNDA:0,(anonymous_6)
FNDA:0,(anonymous_7)
FNDA:0,(anonymous_8)
FNDA:0,(anonymous_9)
FNDA:0,(anonymous_10)
FNDA:0,(anonymous_11)
FNDA:0,(anonymous_12)
FNDA:0,(anonymous_13)
FNDA:0,(anonymous_14)
FNDA:0,(anonymous_15)
DA:1,2
DA:2,2
DA:3,2
DA:4,2
DA:5,2
DA:9,2
DA:11,2
DA:12,2
DA:13,2
DA:16,0
DA:17,0
DA:18,0
DA:19,0
DA:20,0
DA:21,0
DA:23,0
DA:28,0
DA:29,0
DA:30,0
DA:35,0
DA:37,0
DA:38,0
DA:43,0
DA:44,0
DA:46,0
DA:57,0
DA:58,0
DA:60,0
DA:70,0
DA:72,0
DA:77,0
DA:78,0
DA:79,0
DA:80,0
DA:82,0
DA:91,0
DA:93,0
DA:94,0
DA:96,0
DA:105,0
DA:107,0
DA:112,0
DA:113,0
DA:114,0
DA:115,0
DA:117,0
DA:118,0
DA:119,0
DA:126,0
DA:127,0
DA:129,0
DA:137,0
DA:138,0
DA:143,0
DA:145,0
DA:146,0
DA:148,0
DA:150,0
DA:152,0
DA:153,0
DA:158,0
DA:159,0
DA:160,0
DA:161,0
DA:163,0
DA:171,0
DA:172,0
DA:174,0
DA:181,0
DA:182,0
DA:185,0
DA:187,0
DA:188,0
DA:190,0
DA:192,0
DA:194,0
DA:195,0
DA:200,2
LF:78
LH:10
BRDA:11,0,0,2
BRDA:11,0,1,0
BRDA:11,1,0,2
BRDA:11,1,1,0
BRDA:11,1,2,0
BRDA:28,2,0,0
BRDA:28,2,1,0
BRDA:43,3,0,0
BRDA:43,3,1,0
BRDA:58,4,0,0
BRDA:58,4,1,0
BRDA:77,5,0,0
BRDA:77,5,1,0
BRDA:79,6,0,0
BRDA:79,6,1,0
BRDA:80,7,0,0
BRDA:80,7,1,0
BRDA:83,8,0,0
BRDA:83,8,1,0
BRDA:84,9,0,0
BRDA:84,9,1,0
BRDA:86,10,0,0
BRDA:86,10,1,0
BRDA:87,11,0,0
BRDA:87,11,1,0
BRDA:91,12,0,0
BRDA:91,12,1,0
BRDA:94,13,0,0
BRDA:94,13,1,0
BRDA:101,14,0,0
BRDA:101,14,1,0
BRDA:112,15,0,0
BRDA:112,15,1,0
BRDA:115,16,0,0
BRDA:115,16,1,0
BRDA:117,17,0,0
BRDA:117,17,1,0
BRDA:118,18,0,0
BRDA:118,18,1,0
BRDA:120,19,0,0
BRDA:120,19,1,0
BRDA:121,20,0,0
BRDA:121,20,1,0
BRDA:123,21,0,0
BRDA:123,21,1,0
BRDA:127,22,0,0
BRDA:127,22,1,0
BRDA:146,23,0,0
BRDA:146,23,1,0
BRDA:158,24,0,0
BRDA:158,24,1,0
BRDA:161,25,0,0
BRDA:161,25,1,0
BRDA:172,26,0,0
BRDA:172,26,1,0
BRDA:188,27,0,0
BRDA:188,27,1,0
BRF:57
BRH:2
end_of_record
TN:
SF:src\server.js
FN:25,(anonymous_0)
FN:55,(anonymous_1)
FN:63,(anonymous_2)
FN:68,(anonymous_3)
FN:78,(anonymous_4)
FN:85,(anonymous_5)
FNF:6
FNH:1
FNDA:4,(anonymous_0)
FNDA:0,(anonymous_1)
FNDA:0,(anonymous_2)
FNDA:0,(anonymous_3)
FNDA:0,(anonymous_4)
FNDA:0,(anonymous_5)
DA:1,2
DA:2,2
DA:3,2
DA:4,2
DA:7,2
DA:9,2
DA:12,2
DA:14,2
DA:24,2
DA:26,4
DA:27,0
DA:31,2
DA:32,2
DA:35,2
DA:36,2
DA:37,2
DA:38,2
DA:39,2
DA:40,2
DA:41,2
DA:42,2
DA:45,2
DA:46,2
DA:47,2
DA:48,2
DA:49,2
DA:50,2
DA:51,2
DA:52,2
DA:55,2
DA:56,0
DA:63,2
DA:64,0
DA:68,2
DA:69,0
DA:70,0
DA:78,2
DA:79,0
DA:83,2
DA:84,0
DA:85,0
DA:86,0
DA:87,0
DA:88,0
DA:92,2
LF:45
LH:34
BRDA:26,0,0,4
BRDA:26,0,1,0
BRDA:26,1,0,4
BRDA:26,1,1,0
BRDA:83,2,0,0
BRDA:83,2,1,2
BRDA:84,3,0,0
BRDA:84,3,1,0
BRDA:87,4,0,0
BRDA:87,4,1,0
BRF:10
BRH:3
end_of_record
TN:
SF:utils\email.util.js
FN:15,(anonymous_0)
FN:35,(anonymous_1)
FNF:2
FNH:0
FNDA:0,(anonymous_0)
FNDA:0,(anonymous_1)
DA:1,2
DA:3,2
DA:15,2
DA:16,0
DA:35,2
DA:36,0
DA:50,2
LF:7
LH:5
BRF:0
BRH:0
end_of_record
